<?xml version="1.0" encoding="UTF-8"?>
<testsuite name="no.nav.helse.OmsorgspengerMottakTest" tests="7" skipped="0" failures="0" errors="0" timestamp="2020-04-14T10:18:27" hostname="host-37-191-210-187.lynet.no" time="4.64">
  <properties/>
  <testcase name="test isready, isalive, health og metrics" classname="no.nav.helse.OmsorgspengerMottakTest" time="0.185"/>
  <testcase name="Gyldig melding om overføring av dager fra D-nummer blir lagt til prosessering" classname="no.nav.helse.OmsorgspengerMottakTest" time="4.365"/>
  <testcase name="Gyldig søknad for overføring av dager blir lagt til prosessering" classname="no.nav.helse.OmsorgspengerMottakTest" time="0.054"/>
  <testcase name="Request fra ikke autorisert system feiler, søknad for overføring av dager" classname="no.nav.helse.OmsorgspengerMottakTest" time="0.011"/>
  <testcase name="En ugyldig melding for overføring av dager gir valideringsfeil" classname="no.nav.helse.OmsorgspengerMottakTest" time="0.008"/>
  <testcase name="Gyldig søknad for overføring av dager fra D-nummer blir lagt til prosessering" classname="no.nav.helse.OmsorgspengerMottakTest" time="0.014"/>
  <testcase name="Request uten corelation id feiler, søknad for overføring av dager" classname="no.nav.helse.OmsorgspengerMottakTest" time="0.003"/>
  <system-out><![CDATA[[2020-04-14 12:18:24,456 INFO org.eclipse.jetty.util.log ] - Logging initialized @920ms to org.eclipse.jetty.util.log.Slf4jLog
[2020-04-14 12:18:24,575 INFO org.eclipse.jetty.server.Server ] - jetty-9.4.18.v20190429; built: 2019-04-29T20:42:08.989Z; git: e1bc35120a6617ee3df052294e433f3a25ce7097; jvm 11.0.6+10
[2020-04-14 12:18:24,589 INFO org.eclipse.jetty.server.handler.ContextHandler ] - Started o.e.j.s.ServletContextHandler@34dbf4f{/__admin,null,AVAILABLE}
[2020-04-14 12:18:24,591 INFO org.eclipse.jetty.server.handler.ContextHandler ] - Started o.e.j.s.ServletContextHandler@446407a1{/,null,AVAILABLE}
[2020-04-14 12:18:24,604 INFO org.eclipse.jetty.server.AbstractConnector ] - Started NetworkTrafficServerConnector@8dd630e{HTTP/1.1,[http/1.1]}{0.0.0.0:56385}
[2020-04-14 12:18:24,604 INFO org.eclipse.jetty.server.Server ] - Started @1071ms
[2020-04-14 12:18:24,889 INFO org.eclipse.jetty.server.handler.ContextHandler.__admin ] - RequestHandlerClass from context returned com.github.tomakehurst.wiremock.http.AdminRequestHandler. Normalized mapped under returned 'null'
[2020-04-14 12:18:25,093 INFO no.nav.helse.dusseldorf.testsupport.wiremock.WireMockBuilder ] - Azure V1 Token URL = http://localhost:56385/azure/v1.0/token
[2020-04-14 12:18:25,093 INFO no.nav.helse.dusseldorf.testsupport.wiremock.WireMockBuilder ] - Azure V1 JWKS URL = http://localhost:56385/azure/v1.0/jwks
[2020-04-14 12:18:25,094 INFO no.nav.helse.dusseldorf.testsupport.wiremock.WireMockBuilder ] - Azure V1 Well-Known URL = http://localhost:56385/azure/v1.0/.well-known
[2020-04-14 12:18:25,117 INFO no.nav.helse.dusseldorf.testsupport.wiremock.WireMockBuilder ] - Azure V2 Token URL = http://localhost:56385/azure/v2.0/token
[2020-04-14 12:18:25,117 INFO no.nav.helse.dusseldorf.testsupport.wiremock.WireMockBuilder ] - Azure V2 JWKS URL = http://localhost:56385/azure/v2.0/jwks
[2020-04-14 12:18:25,117 INFO no.nav.helse.dusseldorf.testsupport.wiremock.WireMockBuilder ] - Azure V2 Well-Known URL = http://localhost:56385/azure/v2.0/.well-known
[2020-04-14 12:18:25,117 INFO no.nav.helse.dusseldorf.testsupport.wiremock.WireMockBuilder ] - WireMock Base URL = http://localhost:56385
[2020-04-14 12:18:25,551 INFO kafka.server.KafkaConfig ] - KafkaConfig values: 
	advertised.host.name = null
	advertised.listeners = null
	advertised.port = null
	alter.config.policy.class.name = null
	alter.log.dirs.replication.quota.window.num = 11
	alter.log.dirs.replication.quota.window.size.seconds = 1
	authorizer.class.name = kafka.security.auth.SimpleAclAuthorizer
	auto.create.topics.enable = false
	auto.leader.rebalance.enable = true
	background.threads = 10
	broker.id = 0
	broker.id.generation.enable = true
	broker.rack = null
	client.quota.callback.class = null
	compression.type = producer
	connection.failed.authentication.delay.ms = 100
	connections.max.idle.ms = 600000
	connections.max.reauth.ms = 0
	control.plane.listener.name = null
	controlled.shutdown.enable = true
	controlled.shutdown.max.retries = 1
	controlled.shutdown.retry.backoff.ms = 500
	controller.socket.timeout.ms = 30000
	create.topic.policy.class.name = null
	default.replication.factor = 1
	delegation.token.expiry.check.interval.ms = 3600000
	delegation.token.expiry.time.ms = 86400000
	delegation.token.master.key = null
	delegation.token.max.lifetime.ms = 604800000
	delete.records.purgatory.purge.interval.requests = 1
	delete.topic.enable = true
	fetch.purgatory.purge.interval.requests = 1000
	group.initial.rebalance.delay.ms = 3000
	group.max.session.timeout.ms = 1800000
	group.max.size = 2147483647
	group.min.session.timeout.ms = 6000
	host.name = 
	inter.broker.listener.name = null
	inter.broker.protocol.version = 2.3-IV1
	kafka.metrics.polling.interval.secs = 10
	kafka.metrics.reporters = []
	leader.imbalance.check.interval.seconds = 10
	leader.imbalance.per.broker.percentage = 10
	listener.security.protocol.map = PLAINTEXT:PLAINTEXT,SSL:SSL,SASL_PLAINTEXT:SASL_PLAINTEXT,SASL_SSL:SASL_SSL
	listeners = SASL_PLAINTEXT://localhost:56388
	log.cleaner.backoff.ms = 15000
	log.cleaner.dedupe.buffer.size = 134217728
	log.cleaner.delete.retention.ms = 86400000
	log.cleaner.enable = true
	log.cleaner.io.buffer.load.factor = 0.9
	log.cleaner.io.buffer.size = 524288
	log.cleaner.io.max.bytes.per.second = 1.7976931348623157E308
	log.cleaner.max.compaction.lag.ms = 9223372036854775807
	log.cleaner.min.cleanable.ratio = 0.5
	log.cleaner.min.compaction.lag.ms = 0
	log.cleaner.threads = 1
	log.cleanup.policy = [delete]
	log.dir = /var/folders/0x/3mx4jy_14cn6_7gf_9_j2hs00000gn/T/inmemorykafkabroker/e8013d2b-1d7c-4e4a-b4df-17012796248a/log
	log.dirs = /var/folders/0x/3mx4jy_14cn6_7gf_9_j2hs00000gn/T/inmemorykafkabroker/e8013d2b-1d7c-4e4a-b4df-17012796248a/logs
	log.flush.interval.messages = 9223372036854775807
	log.flush.interval.ms = null
	log.flush.offset.checkpoint.interval.ms = 60000
	log.flush.scheduler.interval.ms = 9223372036854775807
	log.flush.start.offset.checkpoint.interval.ms = 60000
	log.index.interval.bytes = 4096
	log.index.size.max.bytes = 10485760
	log.message.downconversion.enable = true
	log.message.format.version = 2.3-IV1
	log.message.timestamp.difference.max.ms = 9223372036854775807
	log.message.timestamp.type = CreateTime
	log.preallocate = false
	log.retention.bytes = -1
	log.retention.check.interval.ms = 300000
	log.retention.hours = 168
	log.retention.minutes = null
	log.retention.ms = null
	log.roll.hours = 168
	log.roll.jitter.hours = 0
	log.roll.jitter.ms = null
	log.roll.ms = null
	log.segment.bytes = 1073741824
	log.segment.delete.delay.ms = 60000
	max.connections = 2147483647
	max.connections.per.ip = 2147483647
	max.connections.per.ip.overrides = 
	max.incremental.fetch.session.cache.slots = 1000
	message.max.bytes = 1000012
	metric.reporters = []
	metrics.num.samples = 2
	metrics.recording.level = INFO
	metrics.sample.window.ms = 30000
	min.insync.replicas = 1
	num.io.threads = 8
	num.network.threads = 3
	num.partitions = 1
	num.recovery.threads.per.data.dir = 1
	num.replica.alter.log.dirs.threads = null
	num.replica.fetchers = 1
	offset.metadata.max.bytes = 4096
	offsets.commit.required.acks = -1
	offsets.commit.timeout.ms = 5000
	offsets.load.buffer.size = 5242880
	offsets.retention.check.interval.ms = 600000
	offsets.retention.minutes = 10080
	offsets.topic.compression.codec = 0
	offsets.topic.num.partitions = 1
	offsets.topic.replication.factor = 1
	offsets.topic.segment.bytes = 104857600
	password.encoder.cipher.algorithm = AES/CBC/PKCS5Padding
	password.encoder.iterations = 4096
	password.encoder.key.length = 128
	password.encoder.keyfactory.algorithm = null
	password.encoder.old.secret = null
	password.encoder.secret = null
	port = 9092
	principal.builder.class = null
	producer.purgatory.purge.interval.requests = 1000
	queued.max.request.bytes = -1
	queued.max.requests = 500
	quota.consumer.default = 9223372036854775807
	quota.producer.default = 9223372036854775807
	quota.window.num = 11
	quota.window.size.seconds = 1
	replica.fetch.backoff.ms = 1000
	replica.fetch.max.bytes = 1048576
	replica.fetch.min.bytes = 1
	replica.fetch.response.max.bytes = 10485760
	replica.fetch.wait.max.ms = 500
	replica.high.watermark.checkpoint.interval.ms = 5000
	replica.lag.time.max.ms = 10000
	replica.socket.receive.buffer.bytes = 65536
	replica.socket.timeout.ms = 30000
	replication.quota.window.num = 11
	replication.quota.window.size.seconds = 1
	request.timeout.ms = 30000
	reserved.broker.max.id = 1000
	sasl.client.callback.handler.class = null
	sasl.enabled.mechanisms = [PLAIN]
	sasl.jaas.config = null
	sasl.kerberos.kinit.cmd = /usr/bin/kinit
	sasl.kerberos.min.time.before.relogin = 60000
	sasl.kerberos.principal.to.local.rules = [DEFAULT]
	sasl.kerberos.service.name = null
	sasl.kerberos.ticket.renew.jitter = 0.05
	sasl.kerberos.ticket.renew.window.factor = 0.8
	sasl.login.callback.handler.class = null
	sasl.login.class = null
	sasl.login.refresh.buffer.seconds = 300
	sasl.login.refresh.min.period.seconds = 60
	sasl.login.refresh.window.factor = 0.8
	sasl.login.refresh.window.jitter = 0.05
	sasl.mechanism.inter.broker.protocol = PLAIN
	sasl.server.callback.handler.class = null
	security.inter.broker.protocol = SASL_PLAINTEXT
	socket.receive.buffer.bytes = 102400
	socket.request.max.bytes = 104857600
	socket.send.buffer.bytes = 102400
	ssl.cipher.suites = []
	ssl.client.auth = none
	ssl.enabled.protocols = [TLSv1.2, TLSv1.1, TLSv1]
	ssl.endpoint.identification.algorithm = https
	ssl.key.password = null
	ssl.keymanager.algorithm = SunX509
	ssl.keystore.location = null
	ssl.keystore.password = null
	ssl.keystore.type = JKS
	ssl.principal.mapping.rules = [DEFAULT]
	ssl.protocol = TLS
	ssl.provider = null
	ssl.secure.random.implementation = null
	ssl.trustmanager.algorithm = PKIX
	ssl.truststore.location = null
	ssl.truststore.password = null
	ssl.truststore.type = JKS
	transaction.abort.timed.out.transaction.cleanup.interval.ms = 60000
	transaction.max.timeout.ms = 900000
	transaction.remove.expired.transaction.cleanup.interval.ms = 3600000
	transaction.state.log.load.buffer.size = 5242880
	transaction.state.log.min.isr = 1
	transaction.state.log.num.partitions = 1
	transaction.state.log.replication.factor = 1
	transaction.state.log.segment.bytes = 104857600
	transactional.id.expiration.ms = 604800000
	unclean.leader.election.enable = false
	zookeeper.connect = localhost:56387
	zookeeper.connection.timeout.ms = 500
	zookeeper.max.in.flight.requests = 10
	zookeeper.session.timeout.ms = 30000
	zookeeper.set.acl = true
	zookeeper.sync.time.ms = 2000

[2020-04-14 12:18:25,604 INFO kafka.utils.Log4jControllerRegistration$ ] - Registered kafka:type=kafka.Log4jController MBean
[2020-04-14 12:18:25,678 INFO org.apache.zookeeper.server.quorum.QuorumPeerConfig ] - Reading configuration from: /var/folders/0x/3mx4jy_14cn6_7gf_9_j2hs00000gn/T/inmemoryzookeeper/d39a7ad8-b63e-4569-ba05-97506c7df4af/embeddedzk.properties
[2020-04-14 12:18:25,678 INFO org.apache.zookeeper.server.ZooKeeperServerMain ] - Starting server
[2020-04-14 12:18:25,685 INFO org.apache.zookeeper.server.ZooKeeperServer ] - Server environment:zookeeper.version=3.4.14-4c25d480e66aadd371de8bd2fd8da255ac140bcf, built on 03/06/2019 16:18 GMT
[2020-04-14 12:18:25,685 INFO org.apache.zookeeper.server.ZooKeeperServer ] - Server environment:host.name=host-37-191-210-187.lynet.no
[2020-04-14 12:18:25,685 INFO org.apache.zookeeper.server.ZooKeeperServer ] - Server environment:java.version=11.0.6
[2020-04-14 12:18:25,685 INFO org.apache.zookeeper.server.ZooKeeperServer ] - Server environment:java.vendor=AdoptOpenJDK
[2020-04-14 12:18:25,685 INFO org.apache.zookeeper.server.ZooKeeperServer ] - Server environment:java.home=/Library/Java/JavaVirtualMachines/adoptopenjdk-11.jdk/Contents/Home
[2020-04-14 12:18:25,685 INFO org.apache.zookeeper.server.ZooKeeperServer ] - Server environment:java.class.path=/Users/sanderoo/.gradle/caches/5.6/workerMain/gradle-worker.jar:/Users/sanderoo/Documents/Dev/Nav/Github/dusseldorf/overføreOmsorgsdager_mappe/omsorgsdageroverforingsoknad-mottak/build/classes/java/test:/Users/sanderoo/Documents/Dev/Nav/Github/dusseldorf/overføreOmsorgsdager_mappe/omsorgsdageroverforingsoknad-mottak/build/classes/kotlin/test:/Users/sanderoo/Documents/Dev/Nav/Github/dusseldorf/overføreOmsorgsdager_mappe/omsorgsdageroverforingsoknad-mottak/build/resources/test:/Users/sanderoo/Documents/Dev/Nav/Github/dusseldorf/overføreOmsorgsdager_mappe/omsorgsdageroverforingsoknad-mottak/build/classes/java/main:/Users/sanderoo/Documents/Dev/Nav/Github/dusseldorf/overføreOmsorgsdager_mappe/omsorgsdageroverforingsoknad-mottak/build/classes/kotlin/main:/Users/sanderoo/Documents/Dev/Nav/Github/dusseldorf/overføreOmsorgsdager_mappe/omsorgsdageroverforingsoknad-mottak/build/resources/main:/Users/sanderoo/.gradle/caches/modules-2/files-2.1/no.nav.helse/dusseldorf-ktor-core/1.2.6.ad301b5/c29e2398ae9074a786078c9f92bbacc9d64f4f72/dusseldorf-ktor-core-1.2.6.ad301b5.jar:/Users/sanderoo/.gradle/caches/modules-2/files-2.1/no.nav.helse/dusseldorf-ktor-jackson/1.2.6.ad301b5/b9a2a9cacfc11eddfec1211f158cab614b16816a/dusseldorf-ktor-jackson-1.2.6.ad301b5.jar:/Users/sanderoo/.gradle/caches/modules-2/files-2.1/no.nav.helse/dusseldorf-ktor-metrics/1.2.6.ad301b5/84b88b6243bc97990da4a331d2eeded1805e6716/dusseldorf-ktor-metrics-1.2.6.ad301b5.jar:/Users/sanderoo/.gradle/caches/modules-2/files-2.1/no.nav.helse/dusseldorf-ktor-client/1.2.6.ad301b5/b435669956b3f357b5e58e9c38d444ced39ca982/dusseldorf-ktor-client-1.2.6.ad301b5.jar:/Users/sanderoo/.gradle/caches/modules-2/files-2.1/no.nav.helse/dusseldorf-ktor-health/1.2.6.ad301b5/d58662dd51d7a4986daca503d2fdfba6902e8c46/dusseldorf-ktor-health-1.2.6.ad301b5.jar:/Users/sanderoo/.gradle/caches/modules-2/files-2.1/no.nav.helse/dusseldorf-ktor-auth/1.2.6.ad301b5/674ae44761af2f9a8bc90cd349d3ee67038a73d3/dusseldorf-ktor-auth-1.2.6.ad301b5.jar:/Users/sanderoo/.gradle/caches/modules-2/files-2.1/no.nav.helse/dusseldorf-oauth2-client/1.2.6.ad301b5/2e9d7661427a7ba693ae7281c1f90e9042195efb/dusseldorf-oauth2-client-1.2.6.ad301b5.jar:/Users/sanderoo/.gradle/caches/modules-2/files-2.1/no.nav/kafka-embedded-env/2.2.0/fbb5a5840fc0b29ff606495ef889cfc7aa642f22/kafka-embedded-env-2.2.0.jar:/Users/sanderoo/.gradle/caches/modules-2/files-2.1/org.apache.kafka/kafka_2.12/2.3.0/cc33fd8db0472500a0ec2f2a561545e3f0e13f24/kafka_2.12-2.3.0.jar:/Users/sanderoo/.gradle/caches/modules-2/files-2.1/org.apache.kafka/kafka-streams/2.3.0/1c7b20b3a37c185a3f5b5ea99f2e6ab8b661d52e/kafka-streams-2.3.0.jar:/Users/sanderoo/.gradle/caches/modules-2/files-2.1/org.apache.kafka/connect-json/2.3.0/8a17aabf12017cef3228df16c7488f3d3358b2ed/connect-json-2.3.0.jar:/Users/sanderoo/.gradle/caches/modules-2/files-2.1/org.apache.kafka/connect-api/2.3.0/96ab678b3c1cd2ccfeba8b34307e6aa5549bd699/connect-api-2.3.0.jar:/Users/sanderoo/.gradle/caches/modules-2/files-2.1/org.apache.kafka/kafka-clients/2.3.0/e86de5ad2172a0de440bb55322ead62706b53a4e/kafka-clients-2.3.0.jar:/Users/sanderoo/.gradle/caches/modules-2/files-2.1/no.nav.helse/dusseldorf-test-support/1.2.6.ad301b5/8ac424ddb9f623cfe4e4f9a17e85496ce6de78f3/dusseldorf-test-support-1.2.6.ad301b5.jar:/Users/sanderoo/.gradle/caches/modules-2/files-2.1/io.ktor/ktor-server-test-host/1.2.3/81158388c4abe7c82fe5d100ed074cdbbd1e830/ktor-server-test-host-1.2.3.jar:/Users/sanderoo/.gradle/caches/modules-2/files-2.1/org.skyscreamer/jsonassert/1.5.0/6c9d5fe2f59da598d9aefc1cfc6528ff3cf32df3/jsonassert-1.5.0.jar:/Users/sanderoo/.gradle/caches/modules-2/files-2.1/io.ktor/ktor-client-tests-jvm/1.2.3/fe4f1be096168dffb939ab1676e34f3cb55629de/ktor-client-tests-jvm-1.2.3.jar:/Users/sanderoo/.gradle/caches/modules-2/files-2.1/ch.qos.logback/logback-classic/1.2.3/7c4f3c474fb2c041d8028740440937705ebb473a/logback-classic-1.2.3.jar:/Users/sanderoo/.gradle/caches/modules-2/files-2.1/net.logstash.logback/logstash-logback-encoder/6.3/79468d3566f9cf837fa3805dd2de057002d4ea04/logstash-logback-encoder-6.3.jar:/Users/sanderoo/.gradle/caches/modules-2/files-2.1/io.ktor/ktor-server-netty/1.2.6/78603b66c02d891f26f3aff013665c0f96363924/ktor-server-netty-1.2.6.jar:/Users/sanderoo/.gradle/caches/modules-2/files-2.1/io.ktor/ktor-auth-jwt/1.2.6/71ca3317613b3a6b22d052cb6a08eed10fa75a40/ktor-auth-jwt-1.2.6.jar:/Users/sanderoo/.gradle/caches/modules-2/files-2.1/io.ktor/ktor-client-cio/1.2.3/effd579da0e9faf0a59bfaaf2bbce8029898b8e9/ktor-client-cio-1.2.3.jar:/Users/sanderoo/.gradle/caches/modules-2/files-2.1/io.ktor/ktor-network-tls/1.2.3/b570727b8b8221a70b3f2524ec1e2b9890a0d1c/ktor-network-tls-1.2.3.jar:/Users/sanderoo/.gradle/caches/modules-2/files-2.1/io.ktor/ktor-websockets/1.2.3/f9dc33f0f93215e35d2f22f51da6de56afbe6a81/ktor-websockets-1.2.3.jar:/Users/sanderoo/.gradle/caches/modules-2/files-2.1/io.ktor/ktor-metrics-micrometer/1.2.6/e6aad6cb89e631d116574b0843abcdb0a91edbe5/ktor-metrics-micrometer-1.2.6.jar:/Users/sanderoo/.gradle/caches/modules-2/files-2.1/io.ktor/ktor-server-jetty/1.2.3/c33504f840fc7b1141822b6a8f4aea38b40e3db9/ktor-server-jetty-1.2.3.jar:/Users/sanderoo/.gradle/caches/modules-2/files-2.1/io.ktor/ktor-server-servlet/1.2.3/d42561c7f982d73a2c7b451ccbecbbae1b59b32/ktor-server-servlet-1.2.3.jar:/Users/sanderoo/.gradle/caches/modules-2/files-2.1/io.ktor/ktor-server-host-common/1.2.6/79f9591f89ac2ed5c53082cc6bd2a5fd9543c51e/ktor-server-host-common-1.2.6.jar:/Users/sanderoo/.gradle/caches/modules-2/files-2.1/io.ktor/ktor-jackson/1.2.6/627ae937306dce52343a0e90016d562ef01f6a6c/ktor-jackson-1.2.6.jar:/Users/sanderoo/.gradle/caches/modules-2/files-2.1/io.ktor/ktor-auth/1.2.6/8cfbed69f838e89d87557fae883c293694e999ff/ktor-auth-1.2.6.jar:/Users/sanderoo/.gradle/caches/modules-2/files-2.1/io.ktor/ktor-server-core/1.2.6/cd445b59a9ab6d004cf5d1bfa3c923928608d294/ktor-server-core-1.2.6.jar:/Users/sanderoo/.gradle/caches/modules-2/files-2.1/io.ktor/ktor-client-mock-jvm/1.2.3/c8f508329a5a4d538668930bcf55af6d3c300a1/ktor-client-mock-jvm-1.2.3.jar:/Users/sanderoo/.gradle/caches/modules-2/files-2.1/io.ktor/ktor-client-jetty/1.2.3/cf30eaf3d36203f93c725ce8157b8d871623ee6b/ktor-client-jetty-1.2.3.jar:/Users/sanderoo/.gradle/caches/modules-2/files-2.1/io.ktor/ktor-client-serialization-jvm/1.2.3/2ef12300dcfc5448f947dea16748c21032b81e7d/ktor-client-serialization-jvm-1.2.3.jar:/Users/sanderoo/.gradle/caches/modules-2/files-2.1/io.ktor/ktor-client-json-jvm/1.2.3/84d3bdb4fa7c1a7a7843e3e44549341280ea97d1/ktor-client-json-jvm-1.2.3.jar:/Users/sanderoo/.gradle/caches/modules-2/files-2.1/io.ktor/ktor-client-core-jvm/1.2.6/ba45af293b96cced4b651199d6aedde0789e19d8/ktor-client-core-jvm-1.2.6.jar:/Users/sanderoo/.gradle/caches/modules-2/files-2.1/io.ktor/ktor-http-cio-jvm/1.2.6/589de9e89ad199325f6406d62bcb9205d8c400f/ktor-http-cio-jvm-1.2.6.jar:/Users/sanderoo/.gradle/caches/modules-2/files-2.1/io.ktor/ktor-http-jvm/1.2.6/f30e7c74d45d55b08573f316cd7bb7345118289d/ktor-http-jvm-1.2.6.jar:/Users/sanderoo/.gradle/caches/modules-2/files-2.1/io.ktor/ktor-network/1.2.6/5f1edf6cb5be380a0b61ad822e784444ad715ec4/ktor-network-1.2.6.jar:/Users/sanderoo/.gradle/caches/modules-2/files-2.1/io.ktor/ktor-utils-jvm/1.2.6/1bb9d795318790e37af7f8f1079108d7cd538dfe/ktor-utils-jvm-1.2.6.jar:/Users/sanderoo/.gradle/caches/modules-2/files-2.1/org.jetbrains.kotlin/kotlin-stdlib-jdk8/1.3.61/e91d61b7cfd9a45566b580fef18bbd5c32d505b5/kotlin-stdlib-jdk8-1.3.61.jar:/Users/sanderoo/.gradle/caches/modules-2/files-2.1/com.fasterxml.jackson.datatype/jackson-datatype-jsr310/2.10.2/8d95d3f2b20c7d2f598b6d5e7f4e2d688ac1bc78/jackson-datatype-jsr310-2.10.2.jar:/Users/sanderoo/.gradle/caches/modules-2/files-2.1/io.micrometer/micrometer-registry-prometheus/1.3.2/2bf89d51b5a7a7b1f5a016992a5f68dca090f00a/micrometer-registry-prometheus-1.3.2.jar:/Users/sanderoo/.gradle/caches/modules-2/files-2.1/io.prometheus/simpleclient_common/0.8.0/11ed6deba9a4a5d204abc1cbbc51f0c91caf1c2/simpleclient_common-0.8.0.jar:/Users/sanderoo/.gradle/caches/modules-2/files-2.1/io.prometheus/simpleclient_hotspot/0.8.0/d860de9f2032f26d16a86665ddca98ce2063d304/simpleclient_hotspot-0.8.0.jar:/Users/sanderoo/.gradle/caches/modules-2/files-2.1/com.github.kittinunf.fuel/fuel-coroutines/2.2.1/f58a6336a5d87339d1e922cf884634d0191b90bd/fuel-coroutines-2.2.1.jar:/Users/sanderoo/.gradle/caches/modules-2/files-2.1/com.github.kittinunf.fuel/fuel/2.2.1/8967004eb0bcc2b9f9d9d6f150d7a870d24f035e/fuel-2.2.1.jar:/Users/sanderoo/.gradle/caches/modules-2/files-2.1/org.json/json/20190722/7bce7bacf0ab5e9f894d307a3de8b7f540064d5/json-20190722.jar:/Users/sanderoo/.gradle/caches/modules-2/files-2.1/com.github.tomakehurst/wiremock/2.25.1/46ca0f7103a9635dbf623707eb36c14209152936/wiremock-2.25.1.jar:/Users/sanderoo/.gradle/caches/modules-2/files-2.1/com.yammer.metrics/metrics-core/2.2.0/f82c035cfa786d3cbec362c38c22a5f5b1bc8724/metrics-core-2.2.0.jar:/Users/sanderoo/.gradle/caches/modules-2/files-2.1/com.typesafe.scala-logging/scala-logging_2.12/3.9.0/b6c6bb584f3e5c2d3f20aa7c8ff3e6959870b13c/scala-logging_2.12-3.9.0.jar:/Users/sanderoo/.gradle/caches/modules-2/files-2.1/io.confluent/kafka-schema-registry/5.3.0/5a878950ff9464edde85fbb254df1c24578d364/kafka-schema-registry-5.3.0.jar:/Users/sanderoo/.gradle/caches/modules-2/files-2.1/io.confluent/kafka-schema-registry-client/5.3.0/cd5cf37065c575e29c3b7db057b610bc68a7aaa4/kafka-schema-registry-client-5.3.0.jar:/Users/sanderoo/.gradle/caches/modules-2/files-2.1/io.confluent/rest-utils/5.3.0/755be433b6babc01c3127260701e892e824b000e/rest-utils-5.3.0.jar:/Users/sanderoo/.gradle/caches/modules-2/files-2.1/io.confluent/common-config/5.3.0/3f4cdf85cf94e805886057f72bdafb42675b9177/common-config-5.3.0.jar:/Users/sanderoo/.gradle/caches/modules-2/files-2.1/io.confluent/common-metrics/5.3.0/8c32e776ad8f24d0d2b044929defb74de82bff28/common-metrics-5.3.0.jar:/Users/sanderoo/.gradle/caches/modules-2/files-2.1/io.confluent/common-utils/5.3.0/5d1d8fbe8b549af89b0b0feb500e764b27e05d64/common-utils-5.3.0.jar:/Users/sanderoo/.gradle/caches/modules-2/files-2.1/org.apache.avro/avro/1.8.1/f4e11d00055760dca33daab193192bd75cc87b59/avro-1.8.1.jar:/Users/sanderoo/.gradle/caches/modules-2/files-2.1/com.jayway.jsonpath/json-path/2.4.0/765a4401ceb2dc8d40553c2075eb80a8fa35c2ae/json-path-2.4.0.jar:/Users/sanderoo/.gradle/caches/modules-2/files-2.1/com.github.jknack/handlebars-helpers/4.0.7/5eba0793c371aef6656e05f880beced1f152e0b7/handlebars-helpers-4.0.7.jar:/Users/sanderoo/.gradle/caches/modules-2/files-2.1/com.github.jknack/handlebars/4.0.7/98489d468d97297e9a363f2119bd0b20ad9bed67/handlebars-4.0.7.jar:/Users/sanderoo/.gradle/caches/modules-2/files-2.1/io.ktor/ktor-client-tests-dispatcher-jvm/1.2.3/b08a8b3186c7c7ad6adf91bf5f8bdcd4792f40fc/ktor-client-tests-dispatcher-jvm-1.2.3.jar:/Users/sanderoo/.gradle/caches/modules-2/files-2.1/com.101tec/zkclient/0.11/eac41195bbbd8af968e43a71bc774c31984da31e/zkclient-0.11.jar:/Users/sanderoo/.gradle/caches/modules-2/files-2.1/org.apache.zookeeper/zookeeper/3.4.14/c114c1e1c8172a7cd3f6ae39209a635f7a06c1a1/zookeeper-3.4.14.jar:/Users/sanderoo/.gradle/caches/modules-2/files-2.1/org.slf4j/slf4j-api/1.7.30/b5a4b6d16ab13e34a88fae84c35cd5d68cac922c/slf4j-api-1.7.30.jar:/Users/sanderoo/.gradle/caches/modules-2/files-2.1/com.nimbusds/oauth2-oidc-sdk/6.22/10ed3224b6ecc84344aac9a5028a04c8ac4d47d8/oauth2-oidc-sdk-6.22.jar:/Users/sanderoo/.gradle/caches/modules-2/files-2.1/com.github.ben-manes.caffeine/caffeine/2.8.0/6000774d7f8412ced005a704188ced78beeed2bb/caffeine-2.8.0.jar:/Users/sanderoo/.gradle/caches/modules-2/files-2.1/com.github.luben/zstd-jni/1.4.0-1/8cc7f9b0f2bd53ef3bd0e38fccc678691f983474/zstd-jni-1.4.0-1.jar:/Users/sanderoo/.gradle/caches/modules-2/files-2.1/org.lz4/lz4-java/1.6.0/b49e2b422a5b7145ba7aa0c3f60c13664a5c5acf/lz4-java-1.6.0.jar:/Users/sanderoo/.gradle/caches/modules-2/files-2.1/org.xerial.snappy/snappy-java/1.1.7.3/241bb74a1eb37d68a4e324a4bc3865427de0a62d/snappy-java-1.1.7.3.jar:/Users/sanderoo/.gradle/caches/modules-2/files-2.1/com.fasterxml.jackson.module/jackson-module-kotlin/2.9.9/446b0567b26965cf7db859ba48a73ab30b4016b7/jackson-module-kotlin-2.9.9.jar:/Users/sanderoo/.gradle/caches/modules-2/files-2.1/org.jetbrains.kotlin/kotlin-reflect/1.3.60/56dc1da0b87932ae08941153c917bd19947e08bc/kotlin-reflect-1.3.60.jar:/Users/sanderoo/.gradle/caches/modules-2/files-2.1/org.jetbrains.kotlinx/kotlinx-coroutines-io-jvm/0.1.16/b2bcf3815337e34b598b9e9a579fe5ec0f8a3ab4/kotlinx-coroutines-io-jvm-0.1.16.jar:/Users/sanderoo/.gradle/caches/modules-2/files-2.1/org.jetbrains.kotlinx/kotlinx-io-jvm/0.1.16/121c7a446719b21f8f1275134d6073aa22b23121/kotlinx-io-jvm-0.1.16.jar:/Users/sanderoo/.gradle/caches/modules-2/files-2.1/org.jetbrains.kotlinx/atomicfu/0.14.1/e0072a7ad62fbec16d8490fb298da7d76d0ae347/atomicfu-0.14.1.jar:/Users/sanderoo/.gradle/caches/modules-2/files-2.1/org.jetbrains.kotlinx/kotlinx-coroutines-jdk8/1.3.2-1.3.60/2383daa22d894c0a81505629db3ee00cb94f4001/kotlinx-coroutines-jdk8-1.3.2-1.3.60.jar:/Users/sanderoo/.gradle/caches/modules-2/files-2.1/org.jetbrains.kotlinx/kotlinx-coroutines-core/1.3.2-1.3.60/657012d71508f1e66e31791750758cf148d57ed/kotlinx-coroutines-core-1.3.2-1.3.60.jar:/Users/sanderoo/.gradle/caches/modules-2/files-2.1/org.jetbrains.kotlin/kotlin-stdlib-jdk7/1.3.61/70dffc5f8ac5ea7c34f30deac5b9d8b1d48af066/kotlin-stdlib-jdk7-1.3.61.jar:/Users/sanderoo/.gradle/caches/modules-2/files-2.1/com.github.kittinunf.result/result/2.2.0/a757a3097fe0a738465df95b449ae18ed1344687/result-2.2.0.jar:/Users/sanderoo/.gradle/caches/modules-2/files-2.1/org.jetbrains.kotlin/kotlin-test-junit/1.3.41/2ec43deb5225811cb0fd63385b7f9382a78cd225/kotlin-test-junit-1.3.41.jar:/Users/sanderoo/.gradle/caches/modules-2/files-2.1/org.jetbrains.kotlin/kotlin-test/1.3.41/98efd6e69ef6f877b086dfd7894a4c36fe5d5736/kotlin-test-1.3.41.jar:/Users/sanderoo/.gradle/caches/modules-2/files-2.1/org.jetbrains.kotlinx/kotlinx-serialization-runtime/0.11.1/fcb54fe242d6addcd89b8aececb835a6b392c568/kotlinx-serialization-runtime-0.11.1.jar:/Users/sanderoo/.gradle/caches/modules-2/files-2.1/org.jetbrains.kotlin/kotlin-stdlib/1.3.61/4702105e97f7396ae41b113fdbdc180ec1eb1e36/kotlin-stdlib-1.3.61.jar:/Users/sanderoo/.gradle/caches/modules-2/files-2.1/com.typesafe/config/1.3.1/2cf7a6cc79732e3bdf1647d7404279900ca63eb0/config-1.3.1.jar:/Users/sanderoo/.gradle/caches/modules-2/files-2.1/org.eclipse.jetty.http2/http2-http-client-transport/9.4.19.v20190610/95f58cd0cfa0c4553fc3901138cc6a03ece23b94/http2-http-client-transport-9.4.19.v20190610.jar:/Users/sanderoo/.gradle/caches/modules-2/files-2.1/org.eclipse.jetty.http2/http2-client/9.4.19.v20190610/da335ee2e7d1439dcc7e11e89941edfad91e9e10/http2-client-9.4.19.v20190610.jar:/Users/sanderoo/.gradle/caches/modules-2/files-2.1/org.mortbay.jetty.alpn/alpn-boot/8.1.13.v20181017/fecc7a23eb1cc8df0e5152f5276d36393a9d0bea/alpn-boot-8.1.13.v20181017.jar:/Users/sanderoo/.gradle/caches/modules-2/files-2.1/junit/junit/4.12/2973d150c0dc1fefe998f834810d68f278ea58ec/junit-4.12.jar:/Users/sanderoo/.gradle/caches/modules-2/files-2.1/org.jetbrains.kotlinx/kotlinx-coroutines-debug/1.2.2/d24ea2861c7b84965b0e395f6c09ffedf27f890d/kotlinx-coroutines-debug-1.2.2.jar:/Users/sanderoo/.gradle/caches/modules-2/files-2.1/com.vaadin.external.google/android-json/0.0.20131108.vaadin1/fa26d351fe62a6a17f5cda1287c1c6110dec413f/android-json-0.0.20131108.vaadin1.jar:/Users/sanderoo/.gradle/caches/modules-2/files-2.1/ch.qos.logback/logback-core/1.2.3/864344400c3d4d92dfeb0a305dc87d953677c03c/logback-core-1.2.3.jar:/Users/sanderoo/.gradle/caches/modules-2/files-2.1/com.auth0/java-jwt/3.4.1/4abde7b59cfd0779b8db2de32e1f3f714c0bc232/java-jwt-3.4.1.jar:/Users/sanderoo/.gradle/caches/modules-2/files-2.1/com.auth0/jwks-rsa/0.7.0/4f8f437c237933d8fff38c54a4a8a3962453bde1/jwks-rsa-0.7.0.jar:/Users/sanderoo/.gradle/caches/modules-2/files-2.1/com.fasterxml.jackson.module/jackson-module-scala_2.12/2.9.9/a2029daaea881bb310f04b3a95234e4148b18546/jackson-module-scala_2.12-2.9.9.jar:/Users/sanderoo/.gradle/caches/modules-2/files-2.1/com.fasterxml.jackson.dataformat/jackson-dataformat-csv/2.9.9/32130e6ec2c9116e3a03a92a4c04f46c5c0ffe03/jackson-dataformat-csv-2.9.9.jar:/Users/sanderoo/.gradle/caches/modules-2/files-2.1/com.fasterxml.jackson.datatype/jackson-datatype-jdk8/2.9.9/4b04126963103216c9c43b0f34bbc36315654204/jackson-datatype-jdk8-2.9.9.jar:/Users/sanderoo/.gradle/caches/modules-2/files-2.1/com.flipkart.zjsonpatch/zjsonpatch/0.4.4/d46c5b83f457c5ba48b630da59f648caa89ee19e/zjsonpatch-0.4.4.jar:/Users/sanderoo/.gradle/caches/modules-2/files-2.1/com.fasterxml.jackson.module/jackson-module-paranamer/2.9.9/a99b9809c0d45072ca9911eead00ecee946ba06a/jackson-module-paranamer-2.9.9.jar:/Users/sanderoo/.gradle/caches/modules-2/files-2.1/com.fasterxml.jackson.jaxrs/jackson-jaxrs-json-provider/2.9.9/7deb5d0d335265ace2a9048c8d6e203b588a1724/jackson-jaxrs-json-provider-2.9.9.jar:/Users/sanderoo/.gradle/caches/modules-2/files-2.1/com.fasterxml.jackson.jaxrs/jackson-jaxrs-base/2.9.9/fc33bfa121b746db0f9fb8f36ed2e6682a1c1dd0/jackson-jaxrs-base-2.9.9.jar:/Users/sanderoo/.gradle/caches/modules-2/files-2.1/com.fasterxml.jackson.module/jackson-module-jaxb-annotations/2.9.9/52fb643de81a60839750013a520f26b6259ddeff/jackson-module-jaxb-annotations-2.9.9.jar:/Users/sanderoo/.gradle/caches/modules-2/files-2.1/com.fasterxml.jackson.core/jackson-databind/2.10.2/528de95f198afafbcfb0c09d2e43b6e0ea663ec/jackson-databind-2.10.2.jar:/Users/sanderoo/.gradle/caches/modules-2/files-2.1/io.netty/netty-codec-http2/4.1.37.Final/c2fee26cc289edade4179450cec89117678fecda/netty-codec-http2-4.1.37.Final.jar:/Users/sanderoo/.gradle/caches/modules-2/files-2.1/org.eclipse.jetty.alpn/alpn-api/1.1.3.v20160715/a1bf3a937f91b4c953acd13e8c9552347adc2198/alpn-api-1.1.3.v20160715.jar:/Users/sanderoo/.gradle/caches/modules-2/files-2.1/io.netty/netty-transport-native-kqueue/4.1.37.Final/1654df842769258b33667c9cf759efdd8cb368e1/netty-transport-native-kqueue-4.1.37.Final.jar:/Users/sanderoo/.gradle/caches/modules-2/files-2.1/io.netty/netty-transport-native-epoll/4.1.37.Final/6030aed0cfaec6cc4634fb9860e4df11dc468a49/netty-transport-native-epoll-4.1.37.Final.jar:/Users/sanderoo/.gradle/caches/modules-2/files-2.1/com.fasterxml.jackson.core/jackson-annotations/2.10.2/3a13b6105946541b8d4181a0506355b5fae63260/jackson-annotations-2.10.2.jar:/Users/sanderoo/.gradle/caches/modules-2/files-2.1/com.fasterxml.jackson.core/jackson-core/2.10.2/73d4322a6bda684f676a2b5fe918361c4e5c7cca/jackson-core-2.10.2.jar:/Users/sanderoo/.gradle/caches/modules-2/files-2.1/io.micrometer/micrometer-core/1.3.2/df1d532b76acc4a4b1c752892d1903e8e2d6b12f/micrometer-core-1.3.2.jar:/Users/sanderoo/.gradle/caches/modules-2/files-2.1/io.prometheus/simpleclient/0.8.0/8d4e28b6e2a90204b578a64e017d607daeff338a/simpleclient-0.8.0.jar:/Users/sanderoo/.gradle/caches/modules-2/files-2.1/com.googlecode.json-simple/json-simple/1.1.1/c9ad4a0850ab676c5c64461a05ca524cdfff59f1/json-simple-1.1.1.jar:/Users/sanderoo/.gradle/caches/modules-2/files-2.1/com.sun.mail/javax.mail/1.6.1/757ba4630692bb2a1ec2d9d57a616b63f15e947e/javax.mail-1.6.1.jar:/Users/sanderoo/.gradle/caches/modules-2/files-2.1/com.nimbusds/nimbus-jose-jwt/8.14.1/a5fd931fb5b0080f91cf3ac2f0ba347a2e285aa9/nimbus-jose-jwt-8.14.1.jar:/Users/sanderoo/.gradle/caches/modules-2/files-2.1/com.github.stephenc.jcip/jcip-annotations/1.0-1/ef31541dd28ae2cefdd17c7ebf352d93e9058c63/jcip-annotations-1.0-1.jar:/Users/sanderoo/.gradle/caches/modules-2/files-2.1/net.minidev/json-smart/2.3/7396407491352ce4fa30de92efb158adb76b5b/json-smart-2.3.jar:/Users/sanderoo/.gradle/caches/modules-2/files-2.1/com.nimbusds/lang-tag/1.4.4/1db9a709239ae473a69b5424c7e78d0b7108229d/lang-tag-1.4.4.jar:/Users/sanderoo/.gradle/caches/modules-2/files-2.1/com.google.guava/guava/27.0-jre/c6ad87d2575af8ac8ec38e28e75aefa882cc3a1f/guava-27.0-jre.jar:/Users/sanderoo/.gradle/caches/modules-2/files-2.1/org.checkerframework/checker-qual/2.10.0/5786699a0cb71f9dc32e6cca1d665eef07a0882f/checker-qual-2.10.0.jar:/Users/sanderoo/.gradle/caches/modules-2/files-2.1/com.google.errorprone/error_prone_annotations/2.3.3/42aa5155a54a87d70af32d4b0d06bf43779de0e2/error_prone_annotations-2.3.3.jar:/Users/sanderoo/.gradle/caches/modules-2/files-2.1/net.sf.jopt-simple/jopt-simple/5.0.4/4fdac2fbe92dfad86aa6e9301736f6b4342a3f5c/jopt-simple-5.0.4.jar:/Users/sanderoo/.gradle/caches/modules-2/files-2.1/org.scala-lang/scala-reflect/2.12.8/682d33402cdae50258afa2c0860eb54688dab610/scala-reflect-2.12.8.jar:/Users/sanderoo/.gradle/caches/modules-2/files-2.1/org.scala-lang/scala-library/2.12.8/36b234834d8f842cdde963c8591efae6cf413e3f/scala-library-2.12.8.jar:/Users/sanderoo/.gradle/caches/modules-2/files-2.1/org.rocksdb/rocksdbjni/5.18.3/6d3f8594ab85cc3c473fa97a5d5cb94cf5568e2b/rocksdbjni-5.18.3.jar:/Users/sanderoo/.gradle/caches/modules-2/files-2.1/org.glassfish.jersey.ext/jersey-bean-validation/2.27/dd8716e5fe7dd7110f89284c2cda29616c64722b/jersey-bean-validation-2.27.jar:/Users/sanderoo/.gradle/caches/modules-2/files-2.1/org.eclipse.jetty.websocket/javax-websocket-server-impl/9.4.18.v20190429/fd2004912fd2ced7c2cc43b3dce36e7663c55cbe/javax-websocket-server-impl-9.4.18.v20190429.jar:/Users/sanderoo/.gradle/caches/modules-2/files-2.1/org.eclipse.jetty.websocket/websocket-server/9.4.18.v20190429/c9b33e8e6ec656a45d3e285bec93fade4ab2b0dc/websocket-server-9.4.18.v20190429.jar:/Users/sanderoo/.gradle/caches/modules-2/files-2.1/org.eclipse.jetty/jetty-annotations/9.4.18.v20190429/867f12ceeffd5f3d3b9162cf4abe28fe17ce881a/jetty-annotations-9.4.18.v20190429.jar:/Users/sanderoo/.gradle/caches/modules-2/files-2.1/org.eclipse.jetty/jetty-plus/9.4.18.v20190429/14a80d75afe07a84637381c32bad6921850a9309/jetty-plus-9.4.18.v20190429.jar:/Users/sanderoo/.gradle/caches/modules-2/files-2.1/org.eclipse.jetty/jetty-webapp/9.4.18.v20190429/9c2f1a2b61bdc2d24f8a980c6c614aa0b588216d/jetty-webapp-9.4.18.v20190429.jar:/Users/sanderoo/.gradle/caches/modules-2/files-2.1/org.eclipse.jetty/jetty-servlet/9.4.18.v20190429/290f7a88f351950d51ebc9fb4a794752c62d7de5/jetty-servlet-9.4.18.v20190429.jar:/Users/sanderoo/.gradle/caches/modules-2/files-2.1/org.eclipse.jetty/jetty-jaas/9.4.18.v20190429/ced9ac5bca9ec6e375e6a879bc31c0815f0cdb30/jetty-jaas-9.4.18.v20190429.jar:/Users/sanderoo/.gradle/caches/modules-2/files-2.1/org.eclipse.jetty/jetty-security/9.4.18.v20190429/1aceff3608ca1b223bfd275a497797cfe675ef4/jetty-security-9.4.18.v20190429.jar:/Users/sanderoo/.gradle/caches/modules-2/files-2.1/org.eclipse.jetty/jetty-server/9.4.18.v20190429/b76ef50e04635f11d4d43bc6ccb7c4482a8384f0/jetty-server-9.4.18.v20190429.jar:/Users/sanderoo/.gradle/caches/modules-2/files-2.1/org.eclipse.jetty/jetty-servlets/9.4.18.v20190429/e5d174950a44c8f93e27cc2528eff5a6b55da2f3/jetty-servlets-9.4.18.v20190429.jar:/Users/sanderoo/.gradle/caches/modules-2/files-2.1/org.apache.httpcomponents/httpclient/4.5.6/1afe5621985efe90a92d0fbc9be86271efbe796f/httpclient-4.5.6.jar:/Users/sanderoo/.gradle/caches/modules-2/files-2.1/org.xmlunit/xmlunit-legacy/2.6.2/302dade4e4078a5bb1c1b1d78714495de2ba9f40/xmlunit-legacy-2.6.2.jar:/Users/sanderoo/.gradle/caches/modules-2/files-2.1/org.xmlunit/xmlunit-placeholders/2.6.2/dbbf9085e5ad7971784abf6d03171b48f3d0f8c9/xmlunit-placeholders-2.6.2.jar:/Users/sanderoo/.gradle/caches/modules-2/files-2.1/org.xmlunit/xmlunit-core/2.6.2/b0461888cdd8d3975ea8a57df96520409cadcb6c/xmlunit-core-2.6.2.jar:/Users/sanderoo/.gradle/caches/modules-2/files-2.1/net.minidev/accessors-smart/1.2/c592b500269bfde36096641b01238a8350f8aa31/accessors-smart-1.2.jar:/Users/sanderoo/.gradle/caches/modules-2/files-2.1/org.ow2.asm/asm-commons/7.0/478006d07b7c561ae3a92ddc1829bca81ae0cdd1/asm-commons-7.0.jar:/Users/sanderoo/.gradle/caches/modules-2/files-2.1/org.ow2.asm/asm-analysis/7.0/4b310d20d6f1c6b7197a75f1b5d69f169bc8ac1f/asm-analysis-7.0.jar:/Users/sanderoo/.gradle/caches/modules-2/files-2.1/org.ow2.asm/asm-tree/7.0/29bc62dcb85573af6e62e5b2d735ef65966c4180/asm-tree-7.0.jar:/Users/sanderoo/.gradle/caches/modules-2/files-2.1/org.ow2.asm/asm/7.0/d74d4ba0dee443f68fb2dcb7fcdb945a2cd89912/asm-7.0.jar:/Users/sanderoo/.gradle/caches/modules-2/files-2.1/org.apache.commons/commons-lang3/3.7/557edd918fd41f9260963583ebf5a61a43a6b423/commons-lang3-3.7.jar:/Users/sanderoo/.gradle/caches/modules-2/files-2.1/commons-fileupload/commons-fileupload/1.4/f95188e3d372e20e7328706c37ef366e5d7859b0/commons-fileupload-1.4.jar:/Users/sanderoo/.gradle/caches/modules-2/files-2.1/org.jetbrains.kotlin/kotlin-test-annotations-common/1.3.41/f57e03dea3d1a81b5e1b3cdcf4eb2710a3fac173/kotlin-test-annotations-common-1.3.41.jar:/Users/sanderoo/.gradle/caches/modules-2/files-2.1/org.jetbrains.kotlinx/kotlinx-coroutines-io/0.1.16/a148ebbf458bb8c787ded007a62a6f53324358e1/kotlinx-coroutines-io-0.1.16.jar:/Users/sanderoo/.gradle/caches/modules-2/files-2.1/org.jetbrains.kotlinx/kotlinx-io/0.1.16/c2bb49e5fa65eed71e1ea0dc12e78619296a01fd/kotlinx-io-0.1.16.jar:/Users/sanderoo/.gradle/caches/modules-2/files-2.1/org.jetbrains.kotlinx/kotlinx-coroutines-core-common/1.3.2-1.3.60/40ddbf44e6e72cab7c77f9a074b06bb0e3ea5782/kotlinx-coroutines-core-common-1.3.2-1.3.60.jar:/Users/sanderoo/.gradle/caches/modules-2/files-2.1/org.jetbrains.kotlinx/kotlinx-serialization-runtime-common/0.11.1/707097f1ac746e78e5bc7210c9fb397526144b5c/kotlinx-serialization-runtime-common-0.11.1.jar:/Users/sanderoo/.gradle/caches/modules-2/files-2.1/org.jetbrains.kotlin/kotlin-test-common/1.3.41/744000c1a0ef654706ce3367a10543590dab9246/kotlin-test-common-1.3.41.jar:/Users/sanderoo/.gradle/caches/modules-2/files-2.1/org.jetbrains.kotlin/kotlin-stdlib-common/1.3.61/65abb71d5afb850b68be03987b08e2c864ca3110/kotlin-stdlib-common-1.3.61.jar:/Users/sanderoo/.gradle/caches/modules-2/files-2.1/org.eclipse.jetty.http2/http2-server/9.4.19.v20190610/672891a1abbeef85192d137192e347872a6fc9c3/http2-server-9.4.19.v20190610.jar:/Users/sanderoo/.gradle/caches/modules-2/files-2.1/org.eclipse.jetty.http2/http2-common/9.4.19.v20190610/3b8c59c68d52a3d0de0d53f5b3588be3a5c05fb8/http2-common-9.4.19.v20190610.jar:/Users/sanderoo/.gradle/caches/modules-2/files-2.1/org.hamcrest/hamcrest-core/1.3/42a25dc3219429f0e5d060061f71acb49bf010a0/hamcrest-core-1.3.jar:/Users/sanderoo/.gradle/caches/modules-2/files-2.1/org.jetbrains.kotlinx/atomicfu-common/0.14.1/323b5e62491623e6670ebe593af2ebfbf46cb210/atomicfu-common-0.14.1.jar:/Users/sanderoo/.gradle/caches/modules-2/files-2.1/io.netty/netty-codec-http/4.1.37.Final/2f48ca593911154dadcc710707f7278327467c21/netty-codec-http-4.1.37.Final.jar:/Users/sanderoo/.gradle/caches/modules-2/files-2.1/io.netty/netty-handler/4.1.37.Final/a242f98517b4dc1a53a0eb7dad8ad30d4f4b9f2e/netty-handler-4.1.37.Final.jar:/Users/sanderoo/.gradle/caches/modules-2/files-2.1/io.netty/netty-codec/4.1.37.Final/631e6e0004deb18cb4fc4e3ba353b7a10a72fe07/netty-codec-4.1.37.Final.jar:/Users/sanderoo/.gradle/caches/modules-2/files-2.1/io.netty/netty-transport-native-unix-common/4.1.37.Final/2d4deaf1b170f725e2f00c93fe381f6f111238ed/netty-transport-native-unix-common-4.1.37.Final.jar:/Users/sanderoo/.gradle/caches/modules-2/files-2.1/io.netty/netty-transport/4.1.37.Final/8d20aa332547064fd7a8387df2462b314cc2a970/netty-transport-4.1.37.Final.jar:/Users/sanderoo/.gradle/caches/modules-2/files-2.1/io.netty/netty-buffer/4.1.37.Final/5ff3deb0f20fc69c54a366e21c7d383b499dedb2/netty-buffer-4.1.37.Final.jar:/Users/sanderoo/.gradle/caches/modules-2/files-2.1/io.netty/netty-resolver/4.1.37.Final/64952c248bec760f3505025faf6d9cc64da1402c/netty-resolver-4.1.37.Final.jar:/Users/sanderoo/.gradle/caches/modules-2/files-2.1/io.netty/netty-common/4.1.37.Final/a4361300ca3ee2cd6c67c4f84c507164b99cea99/netty-common-4.1.37.Final.jar:/Users/sanderoo/.gradle/caches/modules-2/files-2.1/org.jetbrains/annotations/13.0/919f0dfe192fb4e063e7dacadee7f8bb9a2672a9/annotations-13.0.jar:/Users/sanderoo/.gradle/caches/modules-2/files-2.1/org.hdrhistogram/HdrHistogram/2.1.11/1b035a1a4ce5d3441a4a1a331d04839ef487ec49/HdrHistogram-2.1.11.jar:/Users/sanderoo/.gradle/caches/modules-2/files-2.1/org.latencyutils/LatencyUtils/2.0.3/769c0b82cb2421c8256300e907298a9410a2a3d3/LatencyUtils-2.0.3.jar:/Users/sanderoo/.gradle/caches/modules-2/files-2.1/commons-codec/commons-codec/1.11/3acb4705652e16236558f0f4f2192cc33c3bd189/commons-codec-1.11.jar:/Users/sanderoo/.gradle/caches/modules-2/files-2.1/commons-io/commons-io/2.6/815893df5f31da2ece4040fe0a12fd44b577afaf/commons-io-2.6.jar:/Users/sanderoo/.gradle/caches/modules-2/files-2.1/javax.activation/activation/1.1.1/485de3a253e23f645037828c07f1d7f1af40763a/activation-1.1.1.jar:/Users/sanderoo/.gradle/caches/modules-2/files-2.1/com.github.spotbugs/spotbugs-annotations/3.1.9/2ef5127efcc1a899aab8c66d449a631c9a99c469/spotbugs-annotations-3.1.9.jar:/Users/sanderoo/.gradle/caches/modules-2/files-2.1/org.apache.yetus/audience-annotations/0.5.0/55762d3191a8d6610ef46d11e8cb70c7667342a3/audience-annotations-0.5.0.jar:/Users/sanderoo/.gradle/caches/modules-2/files-2.1/org.glassfish.jersey.containers/jersey-container-servlet/2.27/aa97ee9f6528706d1d7214f39a404297903a7598/jersey-container-servlet-2.27.jar:/Users/sanderoo/.gradle/caches/modules-2/files-2.1/org.glassfish.jersey.containers/jersey-container-servlet-core/2.27/81e24b17ff7cee96a1c830fe63aa1215176c009c/jersey-container-servlet-core-2.27.jar:/Users/sanderoo/.gradle/caches/modules-2/files-2.1/org.glassfish.jersey.core/jersey-server/2.27/92c158af89e6749b20134c3182935046a49a1662/jersey-server-2.27.jar:/Users/sanderoo/.gradle/caches/modules-2/files-2.1/org.glassfish.jersey.inject/jersey-hk2/2.27/9ea08f93ee7045a36926954536ad385ac03b753f/jersey-hk2-2.27.jar:/Users/sanderoo/.gradle/caches/modules-2/files-2.1/org.glassfish.jersey.core/jersey-client/2.27/66dd6a62a981c0f186d96048fe11e9ddeca3ae28/jersey-client-2.27.jar:/Users/sanderoo/.gradle/caches/modules-2/files-2.1/org.glassfish.jersey.media/jersey-media-jaxb/2.27/106f2237ee03493185d9d915c9a1c011df716a2a/jersey-media-jaxb-2.27.jar:/Users/sanderoo/.gradle/caches/modules-2/files-2.1/org.glassfish.jersey.core/jersey-common/2.27/f20d4304a476a92001930d75747adcc232dbe779/jersey-common-2.27.jar:/Users/sanderoo/.gradle/caches/modules-2/files-2.1/org.glassfish.hk2/hk2-locator/2.5.0-b42/9d6edc0cb226401a8316e67d81bfc37cb626ef91/hk2-locator-2.5.0-b42.jar:/Users/sanderoo/.gradle/caches/modules-2/files-2.1/org.glassfish.hk2.external/javax.inject/2.5.0-b42/98e0b7dcef77dc04809f0603868140a1c60bea71/javax.inject-2.5.0-b42.jar:/Users/sanderoo/.gradle/caches/modules-2/files-2.1/org.hibernate/hibernate-validator/5.1.3.Final/334d46a93cf095160ce06d8382594b904933c808/hibernate-validator-5.1.3.Final.jar:/Users/sanderoo/.gradle/caches/modules-2/files-2.1/javax.validation/validation-api/1.1.0.Final/8613ae82954779d518631e05daa73a6a954817d5/validation-api-1.1.0.Final.jar:/Users/sanderoo/.gradle/caches/modules-2/files-2.1/org.glassfish.web/javax.el/2.2.4/a50914ff519682e185bca4385b4313b8c8a81775/javax.el-2.2.4.jar:/Users/sanderoo/.gradle/caches/modules-2/files-2.1/javax.el/javax.el-api/2.2.4/1287562cc3f0ff5439ded6f2949e73ce1c0edaab/javax.el-api-2.2.4.jar:/Users/sanderoo/.gradle/caches/modules-2/files-2.1/javax.ws.rs/javax.ws.rs-api/2.1/426a0862406536e690c7caa8bb6ed32191986fac/javax.ws.rs-api-2.1.jar:/Users/sanderoo/.gradle/caches/modules-2/files-2.1/javax.xml.bind/jaxb-api/2.3.0/99f802e0cb3e953ba3d6e698795c4aeb98d37c48/jaxb-api-2.3.0.jar:/Users/sanderoo/.gradle/caches/modules-2/files-2.1/org.eclipse.jetty/jetty-jmx/9.4.18.v20190429/f4c2654db1a55f0780acdfcee8bb98550f56ca70/jetty-jmx-9.4.18.v20190429.jar:/Users/sanderoo/.gradle/caches/modules-2/files-2.1/org.codehaus.jackson/jackson-mapper-asl/1.9.13/1ee2f2bed0e5dd29d1cb155a166e6f8d50bbddb7/jackson-mapper-asl-1.9.13.jar:/Users/sanderoo/.gradle/caches/modules-2/files-2.1/org.codehaus.jackson/jackson-core-asl/1.9.13/3c304d70f42f832e0a86d45bd437f692129299a4/jackson-core-asl-1.9.13.jar:/Users/sanderoo/.gradle/caches/modules-2/files-2.1/com.thoughtworks.paranamer/paranamer/2.8/619eba74c19ccf1da8ebec97a2d7f8ba05773dd6/paranamer-2.8.jar:/Users/sanderoo/.gradle/caches/modules-2/files-2.1/org.apache.commons/commons-compress/1.8.1/a698750c16740fd5b3871425f4cb3bbaa87f529d/commons-compress-1.8.1.jar:/Users/sanderoo/.gradle/caches/modules-2/files-2.1/org.tukaani/xz/1.5/9c64274b7dbb65288237216e3fae7877fd3f2bee/xz-1.5.jar:/Users/sanderoo/.gradle/caches/modules-2/files-2.1/org.eclipse.jetty.websocket/javax-websocket-client-impl/9.4.18.v20190429/991137dd8522ac99436e94e9feb339f508c2874b/javax-websocket-client-impl-9.4.18.v20190429.jar:/Users/sanderoo/.gradle/caches/modules-2/files-2.1/org.eclipse.jetty.websocket/websocket-client/9.4.18.v20190429/74e06da00ca2489049144a03122c8eb0c26ce4c8/websocket-client-9.4.18.v20190429.jar:/Users/sanderoo/.gradle/caches/modules-2/files-2.1/org.eclipse.jetty/jetty-xml/9.4.18.v20190429/dcd2806ee48e646fd4dcff81c7c6867fea2b52e8/jetty-xml-9.4.18.v20190429.jar:/Users/sanderoo/.gradle/caches/modules-2/files-2.1/org.apache.httpcomponents/httpcore/4.4.10/acc54d9b28bdffe4bbde89ed2e4a1e86b5285e2b/httpcore-4.4.10.jar:/Users/sanderoo/.gradle/caches/modules-2/files-2.1/commons-logging/commons-logging/1.2/4bfc12adfe4842bf07b657f0369c4cb522955686/commons-logging-1.2.jar:/Users/sanderoo/.gradle/caches/modules-2/files-2.1/org.antlr/antlr4-runtime/4.7.1/946f8aa9daa917dd81a8b818111bec7e288f821a/antlr4-runtime-4.7.1.jar:/Users/sanderoo/.gradle/caches/modules-2/files-2.1/org.eclipse.jetty.http2/http2-hpack/9.4.19.v20190610/3aaf2c8c9c781f10d4d9da6120c5195b2fcb2ad9/http2-hpack-9.4.19.v20190610.jar:/Users/sanderoo/.gradle/caches/modules-2/files-2.1/com.google.guava/failureaccess/1.0/50bacb0bdbbeeda25142aff57e2214c402e1193c/failureaccess-1.0.jar:/Users/sanderoo/.gradle/caches/modules-2/files-2.1/com.google.guava/listenablefuture/9999.0-empty-to-avoid-conflict-with-guava/b421526c5f297295adef1c886e5246c39d4ac629/listenablefuture-9999.0-empty-to-avoid-conflict-with-guava.jar:/Users/sanderoo/.gradle/caches/modules-2/files-2.1/com.google.code.findbugs/jsr305/3.0.2/25ea2e8b0c338a877313bd4672d3fe056ea78f0d/jsr305-3.0.2.jar:/Users/sanderoo/.gradle/caches/modules-2/files-2.1/com.google.j2objc/j2objc-annotations/1.1/ed28ded51a8b1c6b112568def5f4b455e6809019/j2objc-annotations-1.1.jar:/Users/sanderoo/.gradle/caches/modules-2/files-2.1/org.codehaus.mojo/animal-sniffer-annotations/1.17/f97ce6decaea32b36101e37979f8b647f00681fb/animal-sniffer-annotations-1.17.jar:/Users/sanderoo/.gradle/caches/modules-2/files-2.1/jline/jline/0.9.94/99a18e9a44834afdebc467294e1138364c207402/jline-0.9.94.jar:/Users/sanderoo/.gradle/caches/modules-2/files-2.1/io.netty/netty/3.10.6.Final/18ed04a0e502896552854926e908509db2987a00/netty-3.10.6.Final.jar:/Users/sanderoo/.gradle/caches/modules-2/files-2.1/org.glassfish.hk2/hk2-api/2.5.0-b42/7fd4e3d0f2cb37c80ad0dedee3f5ee69503eaf52/hk2-api-2.5.0-b42.jar:/Users/sanderoo/.gradle/caches/modules-2/files-2.1/org.glassfish.hk2/hk2-utils/2.5.0-b42/102a344e1728825e865a8986d7605602aba3c3b6/hk2-utils-2.5.0-b42.jar:/Users/sanderoo/.gradle/caches/modules-2/files-2.1/javax.annotation/javax.annotation-api/1.3/67747496d8b5c1f300ed3cde4ba69d6f453ba984/javax.annotation-api-1.3.jar:/Users/sanderoo/.gradle/caches/modules-2/files-2.1/org.glassfish.hk2/osgi-resource-locator/1.0.1/4ed2b2d4738aed5786cfa64cba5a332779c4c708/osgi-resource-locator-1.0.1.jar:/Users/sanderoo/.gradle/caches/modules-2/files-2.1/org.jboss.logging/jboss-logging/3.1.3.GA/64499e907f19e5e1b3fdc02f81440c1832fe3545/jboss-logging-3.1.3.GA.jar:/Users/sanderoo/.gradle/caches/modules-2/files-2.1/com.fasterxml/classmate/1.0.0/434efef28c81162b17c540e634cffa3bd9b09b4c/classmate-1.0.0.jar:/Users/sanderoo/.gradle/caches/modules-2/files-2.1/org.eclipse.jetty.websocket/websocket-servlet/9.4.18.v20190429/b09a61f2caf4c771853a590e0aec6a5ff4c65b36/websocket-servlet-9.4.18.v20190429.jar:/Users/sanderoo/.gradle/caches/modules-2/files-2.1/javax.servlet/javax.servlet-api/3.1.0/3cd63d075497751784b2fa84be59432f4905bf7c/javax.servlet-api-3.1.0.jar:/Users/sanderoo/.gradle/caches/modules-2/files-2.1/org.eclipse.jetty/jetty-client/9.4.18.v20190429/e5d7bd53f2f3ae46354efa56beca2dc505258e92/jetty-client-9.4.18.v20190429.jar:/Users/sanderoo/.gradle/caches/modules-2/files-2.1/org.eclipse.jetty/jetty-http/9.4.18.v20190429/c2e73db2db5c369326b717da71b6587b3da11e0e/jetty-http-9.4.18.v20190429.jar:/Users/sanderoo/.gradle/caches/modules-2/files-2.1/org.eclipse.jetty.websocket/websocket-common/9.4.18.v20190429/a79b6a009987e268b396581b13d80460ea201ad7/websocket-common-9.4.18.v20190429.jar:/Users/sanderoo/.gradle/caches/modules-2/files-2.1/org.eclipse.jetty/jetty-io/9.4.18.v20190429/844af5efe58ab23fd0166a796efef123f4cb06b0/jetty-io-9.4.18.v20190429.jar:/Users/sanderoo/.gradle/caches/modules-2/files-2.1/org.eclipse.jetty/jetty-continuation/9.4.18.v20190429/3c421a3be5be5805e32b1a7f9c6046526524181d/jetty-continuation-9.4.18.v20190429.jar:/Users/sanderoo/.gradle/caches/modules-2/files-2.1/org.eclipse.jetty/jetty-jndi/9.4.18.v20190429/6ac74a264fcc0dad2e86a6f29aa014330d35cba3/jetty-jndi-9.4.18.v20190429.jar:/Users/sanderoo/.gradle/caches/modules-2/files-2.1/org.eclipse.jetty/jetty-util/9.4.18.v20190429/13e6148bfda7ae511f69ae7e5e3ea898bc9b0e33/jetty-util-9.4.18.v20190429.jar:/Users/sanderoo/.gradle/caches/modules-2/files-2.1/javax.websocket/javax.websocket-api/1.0/fc843b649d4a1dcb0497669d262befa3918c7ba8/javax.websocket-api-1.0.jar:/Users/sanderoo/.gradle/caches/modules-2/files-2.1/log4j/log4j/1.2.17/5af35056b4d257e4b64b9e8069c0746e8b08629f/log4j-1.2.17.jar:/Users/sanderoo/.gradle/caches/modules-2/files-2.1/javax.websocket/javax.websocket-client-api/1.0/afcf19e889d8725576811f8d47ab6c65d9dcbd78/javax.websocket-client-api-1.0.jar:/Users/sanderoo/.gradle/caches/modules-2/files-2.1/org.glassfish.hk2.external/aopalliance-repackaged/2.5.0-b42/e74beab6ca12e9e745eb47ca61729d9452b96f0c/aopalliance-repackaged-2.5.0-b42.jar:/Users/sanderoo/.gradle/caches/modules-2/files-2.1/org.javassist/javassist/3.22.0-CR2/44eaf0990dea92f4bca4b9931b2239c0e8756ee7/javassist-3.22.0-CR2.jar:/Users/sanderoo/.gradle/caches/modules-2/files-2.1/org.eclipse.jetty.websocket/websocket-api/9.4.18.v20190429/5d3a31018c8f7e892d2630cc2eca0c0949ebb110/websocket-api-9.4.18.v20190429.jar:/Users/sanderoo/.gradle/caches/modules-2/files-2.1/javax.inject/javax.inject/1/6975da39a7040257bd51d21a231b76c915872d38/javax.inject-1.jar
[2020-04-14 12:18:25,687 INFO org.apache.zookeeper.server.ZooKeeperServer ] - Server environment:java.library.path=/Users/sanderoo/Library/Java/Extensions:/Library/Java/Extensions:/Network/Library/Java/Extensions:/System/Library/Java/Extensions:/usr/lib/java:.
[2020-04-14 12:18:25,688 INFO org.apache.zookeeper.server.ZooKeeperServer ] - Server environment:java.io.tmpdir=/var/folders/0x/3mx4jy_14cn6_7gf_9_j2hs00000gn/T/
[2020-04-14 12:18:25,688 INFO org.apache.zookeeper.server.ZooKeeperServer ] - Server environment:java.compiler=<NA>
[2020-04-14 12:18:25,688 INFO org.apache.zookeeper.server.ZooKeeperServer ] - Server environment:os.name=Mac OS X
[2020-04-14 12:18:25,688 INFO org.apache.zookeeper.server.ZooKeeperServer ] - Server environment:os.arch=x86_64
[2020-04-14 12:18:25,688 INFO org.apache.zookeeper.server.ZooKeeperServer ] - Server environment:os.version=10.15.3
[2020-04-14 12:18:25,688 INFO org.apache.zookeeper.server.ZooKeeperServer ] - Server environment:user.name=sanderoo
[2020-04-14 12:18:25,688 INFO org.apache.zookeeper.server.ZooKeeperServer ] - Server environment:user.home=/Users/sanderoo
[2020-04-14 12:18:25,688 INFO org.apache.zookeeper.server.ZooKeeperServer ] - Server environment:user.dir=/Users/sanderoo/Documents/Dev/Nav/Github/dusseldorf/overføreOmsorgsdager_mappe/omsorgsdageroverforingsoknad-mottak
[2020-04-14 12:18:25,693 INFO org.apache.zookeeper.server.ZooKeeperServer ] - tickTime set to 3000
[2020-04-14 12:18:25,693 INFO org.apache.zookeeper.server.ZooKeeperServer ] - minSessionTimeout set to -1
[2020-04-14 12:18:25,693 INFO org.apache.zookeeper.server.ZooKeeperServer ] - maxSessionTimeout set to -1
[2020-04-14 12:18:25,697 INFO org.apache.zookeeper.server.ServerCnxnFactory ] - Using org.apache.zookeeper.server.NIOServerCnxnFactory as server connection factory
[2020-04-14 12:18:25,718 INFO org.apache.zookeeper.Login ] - Server successfully logged in.
[2020-04-14 12:18:25,719 INFO org.apache.zookeeper.server.NIOServerCnxnFactory ] - binding to port 0.0.0.0/0.0.0.0:56387
[2020-04-14 12:18:25,729 INFO org.apache.zookeeper.server.NIOServerCnxnFactory ] - Accepted socket connection from /127.0.0.1:56391
[2020-04-14 12:18:25,740 INFO org.apache.zookeeper.server.ServerCnxn ] - The list of known four letter word commands is : [{1936881266=srvr, 1937006964=stat, 2003003491=wchc, 1685417328=dump, 1668445044=crst, 1936880500=srst, 1701738089=envi, 1668247142=conf, 2003003507=wchs, 2003003504=wchp, 1668247155=cons, 1835955314=mntr, 1769173615=isro, 1920298859=ruok, 1735683435=gtmk, 1937010027=stmk}]
[2020-04-14 12:18:25,741 INFO org.apache.zookeeper.server.ServerCnxn ] - The list of enabled four letter word commands is : [[wchs, stat, stmk, conf, ruok, mntr, srvr, envi, srst, isro, dump, gtmk, crst, cons]]
[2020-04-14 12:18:25,741 INFO org.apache.zookeeper.server.NIOServerCnxn ] - Processing ruok command from /127.0.0.1:56391
[2020-04-14 12:18:25,742 INFO org.apache.zookeeper.server.NIOServerCnxn ] - Closed socket connection for client /127.0.0.1:56391 (no session established for client)
[2020-04-14 12:18:25,744 INFO kafka.server.KafkaServer ] - starting
[2020-04-14 12:18:25,745 INFO kafka.server.KafkaServer ] - Connecting to zookeeper on localhost:56387
[2020-04-14 12:18:25,758 INFO kafka.zookeeper.ZooKeeperClient ] - [ZooKeeperClient Kafka server] Initializing a new session to localhost:56387.
[2020-04-14 12:18:25,760 INFO org.apache.zookeeper.ZooKeeper ] - Client environment:zookeeper.version=3.4.14-4c25d480e66aadd371de8bd2fd8da255ac140bcf, built on 03/06/2019 16:18 GMT
[2020-04-14 12:18:25,760 INFO org.apache.zookeeper.ZooKeeper ] - Client environment:host.name=host-37-191-210-187.lynet.no
[2020-04-14 12:18:25,761 INFO org.apache.zookeeper.ZooKeeper ] - Client environment:java.version=11.0.6
[2020-04-14 12:18:25,761 INFO org.apache.zookeeper.ZooKeeper ] - Client environment:java.vendor=AdoptOpenJDK
[2020-04-14 12:18:25,761 INFO org.apache.zookeeper.ZooKeeper ] - Client environment:java.home=/Library/Java/JavaVirtualMachines/adoptopenjdk-11.jdk/Contents/Home
[2020-04-14 12:18:25,761 INFO org.apache.zookeeper.ZooKeeper ] - Client environment:java.class.path=/Users/sanderoo/.gradle/caches/5.6/workerMain/gradle-worker.jar:/Users/sanderoo/Documents/Dev/Nav/Github/dusseldorf/overføreOmsorgsdager_mappe/omsorgsdageroverforingsoknad-mottak/build/classes/java/test:/Users/sanderoo/Documents/Dev/Nav/Github/dusseldorf/overføreOmsorgsdager_mappe/omsorgsdageroverforingsoknad-mottak/build/classes/kotlin/test:/Users/sanderoo/Documents/Dev/Nav/Github/dusseldorf/overføreOmsorgsdager_mappe/omsorgsdageroverforingsoknad-mottak/build/resources/test:/Users/sanderoo/Documents/Dev/Nav/Github/dusseldorf/overføreOmsorgsdager_mappe/omsorgsdageroverforingsoknad-mottak/build/classes/java/main:/Users/sanderoo/Documents/Dev/Nav/Github/dusseldorf/overføreOmsorgsdager_mappe/omsorgsdageroverforingsoknad-mottak/build/classes/kotlin/main:/Users/sanderoo/Documents/Dev/Nav/Github/dusseldorf/overføreOmsorgsdager_mappe/omsorgsdageroverforingsoknad-mottak/build/resources/main:/Users/sanderoo/.gradle/caches/modules-2/files-2.1/no.nav.helse/dusseldorf-ktor-core/1.2.6.ad301b5/c29e2398ae9074a786078c9f92bbacc9d64f4f72/dusseldorf-ktor-core-1.2.6.ad301b5.jar:/Users/sanderoo/.gradle/caches/modules-2/files-2.1/no.nav.helse/dusseldorf-ktor-jackson/1.2.6.ad301b5/b9a2a9cacfc11eddfec1211f158cab614b16816a/dusseldorf-ktor-jackson-1.2.6.ad301b5.jar:/Users/sanderoo/.gradle/caches/modules-2/files-2.1/no.nav.helse/dusseldorf-ktor-metrics/1.2.6.ad301b5/84b88b6243bc97990da4a331d2eeded1805e6716/dusseldorf-ktor-metrics-1.2.6.ad301b5.jar:/Users/sanderoo/.gradle/caches/modules-2/files-2.1/no.nav.helse/dusseldorf-ktor-client/1.2.6.ad301b5/b435669956b3f357b5e58e9c38d444ced39ca982/dusseldorf-ktor-client-1.2.6.ad301b5.jar:/Users/sanderoo/.gradle/caches/modules-2/files-2.1/no.nav.helse/dusseldorf-ktor-health/1.2.6.ad301b5/d58662dd51d7a4986daca503d2fdfba6902e8c46/dusseldorf-ktor-health-1.2.6.ad301b5.jar:/Users/sanderoo/.gradle/caches/modules-2/files-2.1/no.nav.helse/dusseldorf-ktor-auth/1.2.6.ad301b5/674ae44761af2f9a8bc90cd349d3ee67038a73d3/dusseldorf-ktor-auth-1.2.6.ad301b5.jar:/Users/sanderoo/.gradle/caches/modules-2/files-2.1/no.nav.helse/dusseldorf-oauth2-client/1.2.6.ad301b5/2e9d7661427a7ba693ae7281c1f90e9042195efb/dusseldorf-oauth2-client-1.2.6.ad301b5.jar:/Users/sanderoo/.gradle/caches/modules-2/files-2.1/no.nav/kafka-embedded-env/2.2.0/fbb5a5840fc0b29ff606495ef889cfc7aa642f22/kafka-embedded-env-2.2.0.jar:/Users/sanderoo/.gradle/caches/modules-2/files-2.1/org.apache.kafka/kafka_2.12/2.3.0/cc33fd8db0472500a0ec2f2a561545e3f0e13f24/kafka_2.12-2.3.0.jar:/Users/sanderoo/.gradle/caches/modules-2/files-2.1/org.apache.kafka/kafka-streams/2.3.0/1c7b20b3a37c185a3f5b5ea99f2e6ab8b661d52e/kafka-streams-2.3.0.jar:/Users/sanderoo/.gradle/caches/modules-2/files-2.1/org.apache.kafka/connect-json/2.3.0/8a17aabf12017cef3228df16c7488f3d3358b2ed/connect-json-2.3.0.jar:/Users/sanderoo/.gradle/caches/modules-2/files-2.1/org.apache.kafka/connect-api/2.3.0/96ab678b3c1cd2ccfeba8b34307e6aa5549bd699/connect-api-2.3.0.jar:/Users/sanderoo/.gradle/caches/modules-2/files-2.1/org.apache.kafka/kafka-clients/2.3.0/e86de5ad2172a0de440bb55322ead62706b53a4e/kafka-clients-2.3.0.jar:/Users/sanderoo/.gradle/caches/modules-2/files-2.1/no.nav.helse/dusseldorf-test-support/1.2.6.ad301b5/8ac424ddb9f623cfe4e4f9a17e85496ce6de78f3/dusseldorf-test-support-1.2.6.ad301b5.jar:/Users/sanderoo/.gradle/caches/modules-2/files-2.1/io.ktor/ktor-server-test-host/1.2.3/81158388c4abe7c82fe5d100ed074cdbbd1e830/ktor-server-test-host-1.2.3.jar:/Users/sanderoo/.gradle/caches/modules-2/files-2.1/org.skyscreamer/jsonassert/1.5.0/6c9d5fe2f59da598d9aefc1cfc6528ff3cf32df3/jsonassert-1.5.0.jar:/Users/sanderoo/.gradle/caches/modules-2/files-2.1/io.ktor/ktor-client-tests-jvm/1.2.3/fe4f1be096168dffb939ab1676e34f3cb55629de/ktor-client-tests-jvm-1.2.3.jar:/Users/sanderoo/.gradle/caches/modules-2/files-2.1/ch.qos.logback/logback-classic/1.2.3/7c4f3c474fb2c041d8028740440937705ebb473a/logback-classic-1.2.3.jar:/Users/sanderoo/.gradle/caches/modules-2/files-2.1/net.logstash.logback/logstash-logback-encoder/6.3/79468d3566f9cf837fa3805dd2de057002d4ea04/logstash-logback-encoder-6.3.jar:/Users/sanderoo/.gradle/caches/modules-2/files-2.1/io.ktor/ktor-server-netty/1.2.6/78603b66c02d891f26f3aff013665c0f96363924/ktor-server-netty-1.2.6.jar:/Users/sanderoo/.gradle/caches/modules-2/files-2.1/io.ktor/ktor-auth-jwt/1.2.6/71ca3317613b3a6b22d052cb6a08eed10fa75a40/ktor-auth-jwt-1.2.6.jar:/Users/sanderoo/.gradle/caches/modules-2/files-2.1/io.ktor/ktor-client-cio/1.2.3/effd579da0e9faf0a59bfaaf2bbce8029898b8e9/ktor-client-cio-1.2.3.jar:/Users/sanderoo/.gradle/caches/modules-2/files-2.1/io.ktor/ktor-network-tls/1.2.3/b570727b8b8221a70b3f2524ec1e2b9890a0d1c/ktor-network-tls-1.2.3.jar:/Users/sanderoo/.gradle/caches/modules-2/files-2.1/io.ktor/ktor-websockets/1.2.3/f9dc33f0f93215e35d2f22f51da6de56afbe6a81/ktor-websockets-1.2.3.jar:/Users/sanderoo/.gradle/caches/modules-2/files-2.1/io.ktor/ktor-metrics-micrometer/1.2.6/e6aad6cb89e631d116574b0843abcdb0a91edbe5/ktor-metrics-micrometer-1.2.6.jar:/Users/sanderoo/.gradle/caches/modules-2/files-2.1/io.ktor/ktor-server-jetty/1.2.3/c33504f840fc7b1141822b6a8f4aea38b40e3db9/ktor-server-jetty-1.2.3.jar:/Users/sanderoo/.gradle/caches/modules-2/files-2.1/io.ktor/ktor-server-servlet/1.2.3/d42561c7f982d73a2c7b451ccbecbbae1b59b32/ktor-server-servlet-1.2.3.jar:/Users/sanderoo/.gradle/caches/modules-2/files-2.1/io.ktor/ktor-server-host-common/1.2.6/79f9591f89ac2ed5c53082cc6bd2a5fd9543c51e/ktor-server-host-common-1.2.6.jar:/Users/sanderoo/.gradle/caches/modules-2/files-2.1/io.ktor/ktor-jackson/1.2.6/627ae937306dce52343a0e90016d562ef01f6a6c/ktor-jackson-1.2.6.jar:/Users/sanderoo/.gradle/caches/modules-2/files-2.1/io.ktor/ktor-auth/1.2.6/8cfbed69f838e89d87557fae883c293694e999ff/ktor-auth-1.2.6.jar:/Users/sanderoo/.gradle/caches/modules-2/files-2.1/io.ktor/ktor-server-core/1.2.6/cd445b59a9ab6d004cf5d1bfa3c923928608d294/ktor-server-core-1.2.6.jar:/Users/sanderoo/.gradle/caches/modules-2/files-2.1/io.ktor/ktor-client-mock-jvm/1.2.3/c8f508329a5a4d538668930bcf55af6d3c300a1/ktor-client-mock-jvm-1.2.3.jar:/Users/sanderoo/.gradle/caches/modules-2/files-2.1/io.ktor/ktor-client-jetty/1.2.3/cf30eaf3d36203f93c725ce8157b8d871623ee6b/ktor-client-jetty-1.2.3.jar:/Users/sanderoo/.gradle/caches/modules-2/files-2.1/io.ktor/ktor-client-serialization-jvm/1.2.3/2ef12300dcfc5448f947dea16748c21032b81e7d/ktor-client-serialization-jvm-1.2.3.jar:/Users/sanderoo/.gradle/caches/modules-2/files-2.1/io.ktor/ktor-client-json-jvm/1.2.3/84d3bdb4fa7c1a7a7843e3e44549341280ea97d1/ktor-client-json-jvm-1.2.3.jar:/Users/sanderoo/.gradle/caches/modules-2/files-2.1/io.ktor/ktor-client-core-jvm/1.2.6/ba45af293b96cced4b651199d6aedde0789e19d8/ktor-client-core-jvm-1.2.6.jar:/Users/sanderoo/.gradle/caches/modules-2/files-2.1/io.ktor/ktor-http-cio-jvm/1.2.6/589de9e89ad199325f6406d62bcb9205d8c400f/ktor-http-cio-jvm-1.2.6.jar:/Users/sanderoo/.gradle/caches/modules-2/files-2.1/io.ktor/ktor-http-jvm/1.2.6/f30e7c74d45d55b08573f316cd7bb7345118289d/ktor-http-jvm-1.2.6.jar:/Users/sanderoo/.gradle/caches/modules-2/files-2.1/io.ktor/ktor-network/1.2.6/5f1edf6cb5be380a0b61ad822e784444ad715ec4/ktor-network-1.2.6.jar:/Users/sanderoo/.gradle/caches/modules-2/files-2.1/io.ktor/ktor-utils-jvm/1.2.6/1bb9d795318790e37af7f8f1079108d7cd538dfe/ktor-utils-jvm-1.2.6.jar:/Users/sanderoo/.gradle/caches/modules-2/files-2.1/org.jetbrains.kotlin/kotlin-stdlib-jdk8/1.3.61/e91d61b7cfd9a45566b580fef18bbd5c32d505b5/kotlin-stdlib-jdk8-1.3.61.jar:/Users/sanderoo/.gradle/caches/modules-2/files-2.1/com.fasterxml.jackson.datatype/jackson-datatype-jsr310/2.10.2/8d95d3f2b20c7d2f598b6d5e7f4e2d688ac1bc78/jackson-datatype-jsr310-2.10.2.jar:/Users/sanderoo/.gradle/caches/modules-2/files-2.1/io.micrometer/micrometer-registry-prometheus/1.3.2/2bf89d51b5a7a7b1f5a016992a5f68dca090f00a/micrometer-registry-prometheus-1.3.2.jar:/Users/sanderoo/.gradle/caches/modules-2/files-2.1/io.prometheus/simpleclient_common/0.8.0/11ed6deba9a4a5d204abc1cbbc51f0c91caf1c2/simpleclient_common-0.8.0.jar:/Users/sanderoo/.gradle/caches/modules-2/files-2.1/io.prometheus/simpleclient_hotspot/0.8.0/d860de9f2032f26d16a86665ddca98ce2063d304/simpleclient_hotspot-0.8.0.jar:/Users/sanderoo/.gradle/caches/modules-2/files-2.1/com.github.kittinunf.fuel/fuel-coroutines/2.2.1/f58a6336a5d87339d1e922cf884634d0191b90bd/fuel-coroutines-2.2.1.jar:/Users/sanderoo/.gradle/caches/modules-2/files-2.1/com.github.kittinunf.fuel/fuel/2.2.1/8967004eb0bcc2b9f9d9d6f150d7a870d24f035e/fuel-2.2.1.jar:/Users/sanderoo/.gradle/caches/modules-2/files-2.1/org.json/json/20190722/7bce7bacf0ab5e9f894d307a3de8b7f540064d5/json-20190722.jar:/Users/sanderoo/.gradle/caches/modules-2/files-2.1/com.github.tomakehurst/wiremock/2.25.1/46ca0f7103a9635dbf623707eb36c14209152936/wiremock-2.25.1.jar:/Users/sanderoo/.gradle/caches/modules-2/files-2.1/com.yammer.metrics/metrics-core/2.2.0/f82c035cfa786d3cbec362c38c22a5f5b1bc8724/metrics-core-2.2.0.jar:/Users/sanderoo/.gradle/caches/modules-2/files-2.1/com.typesafe.scala-logging/scala-logging_2.12/3.9.0/b6c6bb584f3e5c2d3f20aa7c8ff3e6959870b13c/scala-logging_2.12-3.9.0.jar:/Users/sanderoo/.gradle/caches/modules-2/files-2.1/io.confluent/kafka-schema-registry/5.3.0/5a878950ff9464edde85fbb254df1c24578d364/kafka-schema-registry-5.3.0.jar:/Users/sanderoo/.gradle/caches/modules-2/files-2.1/io.confluent/kafka-schema-registry-client/5.3.0/cd5cf37065c575e29c3b7db057b610bc68a7aaa4/kafka-schema-registry-client-5.3.0.jar:/Users/sanderoo/.gradle/caches/modules-2/files-2.1/io.confluent/rest-utils/5.3.0/755be433b6babc01c3127260701e892e824b000e/rest-utils-5.3.0.jar:/Users/sanderoo/.gradle/caches/modules-2/files-2.1/io.confluent/common-config/5.3.0/3f4cdf85cf94e805886057f72bdafb42675b9177/common-config-5.3.0.jar:/Users/sanderoo/.gradle/caches/modules-2/files-2.1/io.confluent/common-metrics/5.3.0/8c32e776ad8f24d0d2b044929defb74de82bff28/common-metrics-5.3.0.jar:/Users/sanderoo/.gradle/caches/modules-2/files-2.1/io.confluent/common-utils/5.3.0/5d1d8fbe8b549af89b0b0feb500e764b27e05d64/common-utils-5.3.0.jar:/Users/sanderoo/.gradle/caches/modules-2/files-2.1/org.apache.avro/avro/1.8.1/f4e11d00055760dca33daab193192bd75cc87b59/avro-1.8.1.jar:/Users/sanderoo/.gradle/caches/modules-2/files-2.1/com.jayway.jsonpath/json-path/2.4.0/765a4401ceb2dc8d40553c2075eb80a8fa35c2ae/json-path-2.4.0.jar:/Users/sanderoo/.gradle/caches/modules-2/files-2.1/com.github.jknack/handlebars-helpers/4.0.7/5eba0793c371aef6656e05f880beced1f152e0b7/handlebars-helpers-4.0.7.jar:/Users/sanderoo/.gradle/caches/modules-2/files-2.1/com.github.jknack/handlebars/4.0.7/98489d468d97297e9a363f2119bd0b20ad9bed67/handlebars-4.0.7.jar:/Users/sanderoo/.gradle/caches/modules-2/files-2.1/io.ktor/ktor-client-tests-dispatcher-jvm/1.2.3/b08a8b3186c7c7ad6adf91bf5f8bdcd4792f40fc/ktor-client-tests-dispatcher-jvm-1.2.3.jar:/Users/sanderoo/.gradle/caches/modules-2/files-2.1/com.101tec/zkclient/0.11/eac41195bbbd8af968e43a71bc774c31984da31e/zkclient-0.11.jar:/Users/sanderoo/.gradle/caches/modules-2/files-2.1/org.apache.zookeeper/zookeeper/3.4.14/c114c1e1c8172a7cd3f6ae39209a635f7a06c1a1/zookeeper-3.4.14.jar:/Users/sanderoo/.gradle/caches/modules-2/files-2.1/org.slf4j/slf4j-api/1.7.30/b5a4b6d16ab13e34a88fae84c35cd5d68cac922c/slf4j-api-1.7.30.jar:/Users/sanderoo/.gradle/caches/modules-2/files-2.1/com.nimbusds/oauth2-oidc-sdk/6.22/10ed3224b6ecc84344aac9a5028a04c8ac4d47d8/oauth2-oidc-sdk-6.22.jar:/Users/sanderoo/.gradle/caches/modules-2/files-2.1/com.github.ben-manes.caffeine/caffeine/2.8.0/6000774d7f8412ced005a704188ced78beeed2bb/caffeine-2.8.0.jar:/Users/sanderoo/.gradle/caches/modules-2/files-2.1/com.github.luben/zstd-jni/1.4.0-1/8cc7f9b0f2bd53ef3bd0e38fccc678691f983474/zstd-jni-1.4.0-1.jar:/Users/sanderoo/.gradle/caches/modules-2/files-2.1/org.lz4/lz4-java/1.6.0/b49e2b422a5b7145ba7aa0c3f60c13664a5c5acf/lz4-java-1.6.0.jar:/Users/sanderoo/.gradle/caches/modules-2/files-2.1/org.xerial.snappy/snappy-java/1.1.7.3/241bb74a1eb37d68a4e324a4bc3865427de0a62d/snappy-java-1.1.7.3.jar:/Users/sanderoo/.gradle/caches/modules-2/files-2.1/com.fasterxml.jackson.module/jackson-module-kotlin/2.9.9/446b0567b26965cf7db859ba48a73ab30b4016b7/jackson-module-kotlin-2.9.9.jar:/Users/sanderoo/.gradle/caches/modules-2/files-2.1/org.jetbrains.kotlin/kotlin-reflect/1.3.60/56dc1da0b87932ae08941153c917bd19947e08bc/kotlin-reflect-1.3.60.jar:/Users/sanderoo/.gradle/caches/modules-2/files-2.1/org.jetbrains.kotlinx/kotlinx-coroutines-io-jvm/0.1.16/b2bcf3815337e34b598b9e9a579fe5ec0f8a3ab4/kotlinx-coroutines-io-jvm-0.1.16.jar:/Users/sanderoo/.gradle/caches/modules-2/files-2.1/org.jetbrains.kotlinx/kotlinx-io-jvm/0.1.16/121c7a446719b21f8f1275134d6073aa22b23121/kotlinx-io-jvm-0.1.16.jar:/Users/sanderoo/.gradle/caches/modules-2/files-2.1/org.jetbrains.kotlinx/atomicfu/0.14.1/e0072a7ad62fbec16d8490fb298da7d76d0ae347/atomicfu-0.14.1.jar:/Users/sanderoo/.gradle/caches/modules-2/files-2.1/org.jetbrains.kotlinx/kotlinx-coroutines-jdk8/1.3.2-1.3.60/2383daa22d894c0a81505629db3ee00cb94f4001/kotlinx-coroutines-jdk8-1.3.2-1.3.60.jar:/Users/sanderoo/.gradle/caches/modules-2/files-2.1/org.jetbrains.kotlinx/kotlinx-coroutines-core/1.3.2-1.3.60/657012d71508f1e66e31791750758cf148d57ed/kotlinx-coroutines-core-1.3.2-1.3.60.jar:/Users/sanderoo/.gradle/caches/modules-2/files-2.1/org.jetbrains.kotlin/kotlin-stdlib-jdk7/1.3.61/70dffc5f8ac5ea7c34f30deac5b9d8b1d48af066/kotlin-stdlib-jdk7-1.3.61.jar:/Users/sanderoo/.gradle/caches/modules-2/files-2.1/com.github.kittinunf.result/result/2.2.0/a757a3097fe0a738465df95b449ae18ed1344687/result-2.2.0.jar:/Users/sanderoo/.gradle/caches/modules-2/files-2.1/org.jetbrains.kotlin/kotlin-test-junit/1.3.41/2ec43deb5225811cb0fd63385b7f9382a78cd225/kotlin-test-junit-1.3.41.jar:/Users/sanderoo/.gradle/caches/modules-2/files-2.1/org.jetbrains.kotlin/kotlin-test/1.3.41/98efd6e69ef6f877b086dfd7894a4c36fe5d5736/kotlin-test-1.3.41.jar:/Users/sanderoo/.gradle/caches/modules-2/files-2.1/org.jetbrains.kotlinx/kotlinx-serialization-runtime/0.11.1/fcb54fe242d6addcd89b8aececb835a6b392c568/kotlinx-serialization-runtime-0.11.1.jar:/Users/sanderoo/.gradle/caches/modules-2/files-2.1/org.jetbrains.kotlin/kotlin-stdlib/1.3.61/4702105e97f7396ae41b113fdbdc180ec1eb1e36/kotlin-stdlib-1.3.61.jar:/Users/sanderoo/.gradle/caches/modules-2/files-2.1/com.typesafe/config/1.3.1/2cf7a6cc79732e3bdf1647d7404279900ca63eb0/config-1.3.1.jar:/Users/sanderoo/.gradle/caches/modules-2/files-2.1/org.eclipse.jetty.http2/http2-http-client-transport/9.4.19.v20190610/95f58cd0cfa0c4553fc3901138cc6a03ece23b94/http2-http-client-transport-9.4.19.v20190610.jar:/Users/sanderoo/.gradle/caches/modules-2/files-2.1/org.eclipse.jetty.http2/http2-client/9.4.19.v20190610/da335ee2e7d1439dcc7e11e89941edfad91e9e10/http2-client-9.4.19.v20190610.jar:/Users/sanderoo/.gradle/caches/modules-2/files-2.1/org.mortbay.jetty.alpn/alpn-boot/8.1.13.v20181017/fecc7a23eb1cc8df0e5152f5276d36393a9d0bea/alpn-boot-8.1.13.v20181017.jar:/Users/sanderoo/.gradle/caches/modules-2/files-2.1/junit/junit/4.12/2973d150c0dc1fefe998f834810d68f278ea58ec/junit-4.12.jar:/Users/sanderoo/.gradle/caches/modules-2/files-2.1/org.jetbrains.kotlinx/kotlinx-coroutines-debug/1.2.2/d24ea2861c7b84965b0e395f6c09ffedf27f890d/kotlinx-coroutines-debug-1.2.2.jar:/Users/sanderoo/.gradle/caches/modules-2/files-2.1/com.vaadin.external.google/android-json/0.0.20131108.vaadin1/fa26d351fe62a6a17f5cda1287c1c6110dec413f/android-json-0.0.20131108.vaadin1.jar:/Users/sanderoo/.gradle/caches/modules-2/files-2.1/ch.qos.logback/logback-core/1.2.3/864344400c3d4d92dfeb0a305dc87d953677c03c/logback-core-1.2.3.jar:/Users/sanderoo/.gradle/caches/modules-2/files-2.1/com.auth0/java-jwt/3.4.1/4abde7b59cfd0779b8db2de32e1f3f714c0bc232/java-jwt-3.4.1.jar:/Users/sanderoo/.gradle/caches/modules-2/files-2.1/com.auth0/jwks-rsa/0.7.0/4f8f437c237933d8fff38c54a4a8a3962453bde1/jwks-rsa-0.7.0.jar:/Users/sanderoo/.gradle/caches/modules-2/files-2.1/com.fasterxml.jackson.module/jackson-module-scala_2.12/2.9.9/a2029daaea881bb310f04b3a95234e4148b18546/jackson-module-scala_2.12-2.9.9.jar:/Users/sanderoo/.gradle/caches/modules-2/files-2.1/com.fasterxml.jackson.dataformat/jackson-dataformat-csv/2.9.9/32130e6ec2c9116e3a03a92a4c04f46c5c0ffe03/jackson-dataformat-csv-2.9.9.jar:/Users/sanderoo/.gradle/caches/modules-2/files-2.1/com.fasterxml.jackson.datatype/jackson-datatype-jdk8/2.9.9/4b04126963103216c9c43b0f34bbc36315654204/jackson-datatype-jdk8-2.9.9.jar:/Users/sanderoo/.gradle/caches/modules-2/files-2.1/com.flipkart.zjsonpatch/zjsonpatch/0.4.4/d46c5b83f457c5ba48b630da59f648caa89ee19e/zjsonpatch-0.4.4.jar:/Users/sanderoo/.gradle/caches/modules-2/files-2.1/com.fasterxml.jackson.module/jackson-module-paranamer/2.9.9/a99b9809c0d45072ca9911eead00ecee946ba06a/jackson-module-paranamer-2.9.9.jar:/Users/sanderoo/.gradle/caches/modules-2/files-2.1/com.fasterxml.jackson.jaxrs/jackson-jaxrs-json-provider/2.9.9/7deb5d0d335265ace2a9048c8d6e203b588a1724/jackson-jaxrs-json-provider-2.9.9.jar:/Users/sanderoo/.gradle/caches/modules-2/files-2.1/com.fasterxml.jackson.jaxrs/jackson-jaxrs-base/2.9.9/fc33bfa121b746db0f9fb8f36ed2e6682a1c1dd0/jackson-jaxrs-base-2.9.9.jar:/Users/sanderoo/.gradle/caches/modules-2/files-2.1/com.fasterxml.jackson.module/jackson-module-jaxb-annotations/2.9.9/52fb643de81a60839750013a520f26b6259ddeff/jackson-module-jaxb-annotations-2.9.9.jar:/Users/sanderoo/.gradle/caches/modules-2/files-2.1/com.fasterxml.jackson.core/jackson-databind/2.10.2/528de95f198afafbcfb0c09d2e43b6e0ea663ec/jackson-databind-2.10.2.jar:/Users/sanderoo/.gradle/caches/modules-2/files-2.1/io.netty/netty-codec-http2/4.1.37.Final/c2fee26cc289edade4179450cec89117678fecda/netty-codec-http2-4.1.37.Final.jar:/Users/sanderoo/.gradle/caches/modules-2/files-2.1/org.eclipse.jetty.alpn/alpn-api/1.1.3.v20160715/a1bf3a937f91b4c953acd13e8c9552347adc2198/alpn-api-1.1.3.v20160715.jar:/Users/sanderoo/.gradle/caches/modules-2/files-2.1/io.netty/netty-transport-native-kqueue/4.1.37.Final/1654df842769258b33667c9cf759efdd8cb368e1/netty-transport-native-kqueue-4.1.37.Final.jar:/Users/sanderoo/.gradle/caches/modules-2/files-2.1/io.netty/netty-transport-native-epoll/4.1.37.Final/6030aed0cfaec6cc4634fb9860e4df11dc468a49/netty-transport-native-epoll-4.1.37.Final.jar:/Users/sanderoo/.gradle/caches/modules-2/files-2.1/com.fasterxml.jackson.core/jackson-annotations/2.10.2/3a13b6105946541b8d4181a0506355b5fae63260/jackson-annotations-2.10.2.jar:/Users/sanderoo/.gradle/caches/modules-2/files-2.1/com.fasterxml.jackson.core/jackson-core/2.10.2/73d4322a6bda684f676a2b5fe918361c4e5c7cca/jackson-core-2.10.2.jar:/Users/sanderoo/.gradle/caches/modules-2/files-2.1/io.micrometer/micrometer-core/1.3.2/df1d532b76acc4a4b1c752892d1903e8e2d6b12f/micrometer-core-1.3.2.jar:/Users/sanderoo/.gradle/caches/modules-2/files-2.1/io.prometheus/simpleclient/0.8.0/8d4e28b6e2a90204b578a64e017d607daeff338a/simpleclient-0.8.0.jar:/Users/sanderoo/.gradle/caches/modules-2/files-2.1/com.googlecode.json-simple/json-simple/1.1.1/c9ad4a0850ab676c5c64461a05ca524cdfff59f1/json-simple-1.1.1.jar:/Users/sanderoo/.gradle/caches/modules-2/files-2.1/com.sun.mail/javax.mail/1.6.1/757ba4630692bb2a1ec2d9d57a616b63f15e947e/javax.mail-1.6.1.jar:/Users/sanderoo/.gradle/caches/modules-2/files-2.1/com.nimbusds/nimbus-jose-jwt/8.14.1/a5fd931fb5b0080f91cf3ac2f0ba347a2e285aa9/nimbus-jose-jwt-8.14.1.jar:/Users/sanderoo/.gradle/caches/modules-2/files-2.1/com.github.stephenc.jcip/jcip-annotations/1.0-1/ef31541dd28ae2cefdd17c7ebf352d93e9058c63/jcip-annotations-1.0-1.jar:/Users/sanderoo/.gradle/caches/modules-2/files-2.1/net.minidev/json-smart/2.3/7396407491352ce4fa30de92efb158adb76b5b/json-smart-2.3.jar:/Users/sanderoo/.gradle/caches/modules-2/files-2.1/com.nimbusds/lang-tag/1.4.4/1db9a709239ae473a69b5424c7e78d0b7108229d/lang-tag-1.4.4.jar:/Users/sanderoo/.gradle/caches/modules-2/files-2.1/com.google.guava/guava/27.0-jre/c6ad87d2575af8ac8ec38e28e75aefa882cc3a1f/guava-27.0-jre.jar:/Users/sanderoo/.gradle/caches/modules-2/files-2.1/org.checkerframework/checker-qual/2.10.0/5786699a0cb71f9dc32e6cca1d665eef07a0882f/checker-qual-2.10.0.jar:/Users/sanderoo/.gradle/caches/modules-2/files-2.1/com.google.errorprone/error_prone_annotations/2.3.3/42aa5155a54a87d70af32d4b0d06bf43779de0e2/error_prone_annotations-2.3.3.jar:/Users/sanderoo/.gradle/caches/modules-2/files-2.1/net.sf.jopt-simple/jopt-simple/5.0.4/4fdac2fbe92dfad86aa6e9301736f6b4342a3f5c/jopt-simple-5.0.4.jar:/Users/sanderoo/.gradle/caches/modules-2/files-2.1/org.scala-lang/scala-reflect/2.12.8/682d33402cdae50258afa2c0860eb54688dab610/scala-reflect-2.12.8.jar:/Users/sanderoo/.gradle/caches/modules-2/files-2.1/org.scala-lang/scala-library/2.12.8/36b234834d8f842cdde963c8591efae6cf413e3f/scala-library-2.12.8.jar:/Users/sanderoo/.gradle/caches/modules-2/files-2.1/org.rocksdb/rocksdbjni/5.18.3/6d3f8594ab85cc3c473fa97a5d5cb94cf5568e2b/rocksdbjni-5.18.3.jar:/Users/sanderoo/.gradle/caches/modules-2/files-2.1/org.glassfish.jersey.ext/jersey-bean-validation/2.27/dd8716e5fe7dd7110f89284c2cda29616c64722b/jersey-bean-validation-2.27.jar:/Users/sanderoo/.gradle/caches/modules-2/files-2.1/org.eclipse.jetty.websocket/javax-websocket-server-impl/9.4.18.v20190429/fd2004912fd2ced7c2cc43b3dce36e7663c55cbe/javax-websocket-server-impl-9.4.18.v20190429.jar:/Users/sanderoo/.gradle/caches/modules-2/files-2.1/org.eclipse.jetty.websocket/websocket-server/9.4.18.v20190429/c9b33e8e6ec656a45d3e285bec93fade4ab2b0dc/websocket-server-9.4.18.v20190429.jar:/Users/sanderoo/.gradle/caches/modules-2/files-2.1/org.eclipse.jetty/jetty-annotations/9.4.18.v20190429/867f12ceeffd5f3d3b9162cf4abe28fe17ce881a/jetty-annotations-9.4.18.v20190429.jar:/Users/sanderoo/.gradle/caches/modules-2/files-2.1/org.eclipse.jetty/jetty-plus/9.4.18.v20190429/14a80d75afe07a84637381c32bad6921850a9309/jetty-plus-9.4.18.v20190429.jar:/Users/sanderoo/.gradle/caches/modules-2/files-2.1/org.eclipse.jetty/jetty-webapp/9.4.18.v20190429/9c2f1a2b61bdc2d24f8a980c6c614aa0b588216d/jetty-webapp-9.4.18.v20190429.jar:/Users/sanderoo/.gradle/caches/modules-2/files-2.1/org.eclipse.jetty/jetty-servlet/9.4.18.v20190429/290f7a88f351950d51ebc9fb4a794752c62d7de5/jetty-servlet-9.4.18.v20190429.jar:/Users/sanderoo/.gradle/caches/modules-2/files-2.1/org.eclipse.jetty/jetty-jaas/9.4.18.v20190429/ced9ac5bca9ec6e375e6a879bc31c0815f0cdb30/jetty-jaas-9.4.18.v20190429.jar:/Users/sanderoo/.gradle/caches/modules-2/files-2.1/org.eclipse.jetty/jetty-security/9.4.18.v20190429/1aceff3608ca1b223bfd275a497797cfe675ef4/jetty-security-9.4.18.v20190429.jar:/Users/sanderoo/.gradle/caches/modules-2/files-2.1/org.eclipse.jetty/jetty-server/9.4.18.v20190429/b76ef50e04635f11d4d43bc6ccb7c4482a8384f0/jetty-server-9.4.18.v20190429.jar:/Users/sanderoo/.gradle/caches/modules-2/files-2.1/org.eclipse.jetty/jetty-servlets/9.4.18.v20190429/e5d174950a44c8f93e27cc2528eff5a6b55da2f3/jetty-servlets-9.4.18.v20190429.jar:/Users/sanderoo/.gradle/caches/modules-2/files-2.1/org.apache.httpcomponents/httpclient/4.5.6/1afe5621985efe90a92d0fbc9be86271efbe796f/httpclient-4.5.6.jar:/Users/sanderoo/.gradle/caches/modules-2/files-2.1/org.xmlunit/xmlunit-legacy/2.6.2/302dade4e4078a5bb1c1b1d78714495de2ba9f40/xmlunit-legacy-2.6.2.jar:/Users/sanderoo/.gradle/caches/modules-2/files-2.1/org.xmlunit/xmlunit-placeholders/2.6.2/dbbf9085e5ad7971784abf6d03171b48f3d0f8c9/xmlunit-placeholders-2.6.2.jar:/Users/sanderoo/.gradle/caches/modules-2/files-2.1/org.xmlunit/xmlunit-core/2.6.2/b0461888cdd8d3975ea8a57df96520409cadcb6c/xmlunit-core-2.6.2.jar:/Users/sanderoo/.gradle/caches/modules-2/files-2.1/net.minidev/accessors-smart/1.2/c592b500269bfde36096641b01238a8350f8aa31/accessors-smart-1.2.jar:/Users/sanderoo/.gradle/caches/modules-2/files-2.1/org.ow2.asm/asm-commons/7.0/478006d07b7c561ae3a92ddc1829bca81ae0cdd1/asm-commons-7.0.jar:/Users/sanderoo/.gradle/caches/modules-2/files-2.1/org.ow2.asm/asm-analysis/7.0/4b310d20d6f1c6b7197a75f1b5d69f169bc8ac1f/asm-analysis-7.0.jar:/Users/sanderoo/.gradle/caches/modules-2/files-2.1/org.ow2.asm/asm-tree/7.0/29bc62dcb85573af6e62e5b2d735ef65966c4180/asm-tree-7.0.jar:/Users/sanderoo/.gradle/caches/modules-2/files-2.1/org.ow2.asm/asm/7.0/d74d4ba0dee443f68fb2dcb7fcdb945a2cd89912/asm-7.0.jar:/Users/sanderoo/.gradle/caches/modules-2/files-2.1/org.apache.commons/commons-lang3/3.7/557edd918fd41f9260963583ebf5a61a43a6b423/commons-lang3-3.7.jar:/Users/sanderoo/.gradle/caches/modules-2/files-2.1/commons-fileupload/commons-fileupload/1.4/f95188e3d372e20e7328706c37ef366e5d7859b0/commons-fileupload-1.4.jar:/Users/sanderoo/.gradle/caches/modules-2/files-2.1/org.jetbrains.kotlin/kotlin-test-annotations-common/1.3.41/f57e03dea3d1a81b5e1b3cdcf4eb2710a3fac173/kotlin-test-annotations-common-1.3.41.jar:/Users/sanderoo/.gradle/caches/modules-2/files-2.1/org.jetbrains.kotlinx/kotlinx-coroutines-io/0.1.16/a148ebbf458bb8c787ded007a62a6f53324358e1/kotlinx-coroutines-io-0.1.16.jar:/Users/sanderoo/.gradle/caches/modules-2/files-2.1/org.jetbrains.kotlinx/kotlinx-io/0.1.16/c2bb49e5fa65eed71e1ea0dc12e78619296a01fd/kotlinx-io-0.1.16.jar:/Users/sanderoo/.gradle/caches/modules-2/files-2.1/org.jetbrains.kotlinx/kotlinx-coroutines-core-common/1.3.2-1.3.60/40ddbf44e6e72cab7c77f9a074b06bb0e3ea5782/kotlinx-coroutines-core-common-1.3.2-1.3.60.jar:/Users/sanderoo/.gradle/caches/modules-2/files-2.1/org.jetbrains.kotlinx/kotlinx-serialization-runtime-common/0.11.1/707097f1ac746e78e5bc7210c9fb397526144b5c/kotlinx-serialization-runtime-common-0.11.1.jar:/Users/sanderoo/.gradle/caches/modules-2/files-2.1/org.jetbrains.kotlin/kotlin-test-common/1.3.41/744000c1a0ef654706ce3367a10543590dab9246/kotlin-test-common-1.3.41.jar:/Users/sanderoo/.gradle/caches/modules-2/files-2.1/org.jetbrains.kotlin/kotlin-stdlib-common/1.3.61
[...]
[2020-04-14 12:18:32,490 INFO no.nav.helse.dusseldorf.ktor.core.CallLoggingExt request_id=generated-2303fa03-5551-4aa6-8d4f-914ef32c54db, soknad_id=b0bed802-26f8-4f4d-b6b0-597f7ca1f3f8] - 400 Bad Request: POST - /v1/soknad/overfore-dager
[2020-04-14 12:18:32,490 INFO no.nav.helse.OmsorgspengerMottakTest ] - Response Entity = {"type":"/problem-details/invalid-request-parameters","title":"invalid-request-parameters","status":400,"detail":"Requesten inneholder ugyldige paramtere.","instance":"about:blank","invalid_parameters":[{"type":"header","name":"X-Correlation-ID","reason":"Correlation ID må settes.","invalid_value":null}]}
[2020-04-14 12:18:32,490 INFO no.nav.helse.OmsorgspengerMottakTest ] - Expected Entity = {
    "type": "/problem-details/invalid-request-parameters",
    "title": "invalid-request-parameters",
    "detail": "Requesten inneholder ugyldige paramtere.",
    "status": 400,
    "instance": "about:blank",
    "invalid_parameters" : [
        {
            "name" : "X-Correlation-ID",
            "reason" : "Correlation ID må settes.",
            "type": "header",
            "invalid_value": null
        }
    ]
}
[2020-04-14 12:18:32,491 INFO no.nav.helse.OmsorgspengerMottakTest ] - Tearing down
[2020-04-14 12:18:32,495 INFO org.eclipse.jetty.server.AbstractConnector ] - Stopped NetworkTrafficServerConnector@8dd630e{HTTP/1.1,[http/1.1]}{0.0.0.0:0}
[2020-04-14 12:18:32,496 INFO org.eclipse.jetty.server.handler.ContextHandler ] - Stopped o.e.j.s.ServletContextHandler@446407a1{/,null,UNAVAILABLE}
[2020-04-14 12:18:32,496 INFO org.eclipse.jetty.server.handler.ContextHandler ] - Stopped o.e.j.s.ServletContextHandler@34dbf4f{/__admin,null,UNAVAILABLE}
[2020-04-14 12:18:32,497 WARN org.eclipse.jetty.util.thread.QueuedThreadPool ] - QueuedThreadPool[qtp991100555]@3b12fe8b{STOPPING,8<=8<=14,i=8,r=-1,q=8}[NO_TRY] Couldn't stop Thread[qtp991100555-104,5,main]
[2020-04-14 12:18:32,497 WARN org.eclipse.jetty.util.thread.QueuedThreadPool ] - QueuedThreadPool[qtp991100555]@3b12fe8b{STOPPING,8<=0<=14,i=0,r=-1,q=7}[NO_TRY] Couldn't stop Thread[qtp991100555-18,5,]
[2020-04-14 12:18:32,497 INFO no.nav.helse.dusseldorf.ktor.core.CallLoggingExt ] - Application stopping: io.ktor.application.Application@1d94d01d
[2020-04-14 12:18:32,497 INFO no.nav.OmsorgspengerMottak ] - Stopper Kafka Producer.
[2020-04-14 12:18:32,497 INFO org.apache.kafka.clients.producer.KafkaProducer ] - [Producer clientId=srvomsorgspeng-mtk-SoknadOverforeDagerProducer] Closing the Kafka producer with timeoutMillis = 9223372036854775807 ms.
[2020-04-14 12:18:32,499 INFO no.nav.OmsorgspengerMottak ] - Kafka Producer Stoppet.
[2020-04-14 12:18:32,499 INFO no.nav.helse.dusseldorf.ktor.core.CallLoggingExt ] - Application stopped: io.ktor.application.Application@1d94d01d
[2020-04-14 12:18:32,500 INFO kafka.server.KafkaServer ] - [KafkaServer id=0] shutting down
[2020-04-14 12:18:32,500 INFO kafka.server.KafkaServer ] - [KafkaServer id=0] Starting controlled shutdown
[2020-04-14 12:18:32,506 INFO kafka.controller.KafkaController ] - [Controller id=0] Shutting down broker 0
[2020-04-14 12:18:32,511 INFO kafka.server.KafkaServer ] - [KafkaServer id=0] Controlled shutdown succeeded
[2020-04-14 12:18:32,512 INFO kafka.common.ZkNodeChangeNotificationListener$ChangeEventProcessThread ] - [/config/changes-event-process-thread]: Shutting down
[2020-04-14 12:18:32,513 INFO kafka.common.ZkNodeChangeNotificationListener$ChangeEventProcessThread ] - [/config/changes-event-process-thread]: Stopped
[2020-04-14 12:18:32,513 INFO kafka.common.ZkNodeChangeNotificationListener$ChangeEventProcessThread ] - [/config/changes-event-process-thread]: Shutdown completed
[2020-04-14 12:18:32,513 INFO kafka.network.SocketServer ] - [SocketServer brokerId=0] Stopping socket server request processors
[2020-04-14 12:18:32,520 INFO kafka.network.SocketServer ] - [SocketServer brokerId=0] Stopped socket server request processors
[2020-04-14 12:18:32,520 INFO kafka.server.KafkaRequestHandlerPool ] - [data-plane Kafka Request Handler on Broker 0], shutting down
[2020-04-14 12:18:32,522 INFO kafka.server.KafkaRequestHandlerPool ] - [data-plane Kafka Request Handler on Broker 0], shut down completely
[2020-04-14 12:18:32,525 INFO kafka.server.KafkaApis ] - [KafkaApi-0] Shutdown complete.
[2020-04-14 12:18:32,526 INFO kafka.common.ZkNodeChangeNotificationListener$ChangeEventProcessThread ] - [/kafka-acl-changes-event-process-thread]: Shutting down
[2020-04-14 12:18:32,526 INFO kafka.common.ZkNodeChangeNotificationListener$ChangeEventProcessThread ] - [/kafka-acl-changes-event-process-thread]: Stopped
[2020-04-14 12:18:32,526 INFO kafka.common.ZkNodeChangeNotificationListener$ChangeEventProcessThread ] - [/kafka-acl-changes-event-process-thread]: Shutdown completed
[2020-04-14 12:18:32,526 INFO kafka.common.ZkNodeChangeNotificationListener$ChangeEventProcessThread ] - [/kafka-acl-extended-changes-event-process-thread]: Shutting down
[2020-04-14 12:18:32,526 INFO kafka.common.ZkNodeChangeNotificationListener$ChangeEventProcessThread ] - [/kafka-acl-extended-changes-event-process-thread]: Stopped
[2020-04-14 12:18:32,526 INFO kafka.common.ZkNodeChangeNotificationListener$ChangeEventProcessThread ] - [/kafka-acl-extended-changes-event-process-thread]: Shutdown completed
[2020-04-14 12:18:32,527 INFO kafka.zookeeper.ZooKeeperClient ] - [ZooKeeperClient Simple ACL authorizer] Closing.
[2020-04-14 12:18:32,527 INFO org.apache.zookeeper.server.PrepRequestProcessor ] - Processed session termination for sessionid: 0x1000157a22a0001
[2020-04-14 12:18:32,536 INFO org.apache.zookeeper.ZooKeeper ] - Session: 0x1000157a22a0001 closed
[2020-04-14 12:18:32,536 INFO org.apache.zookeeper.ClientCnxn ] - EventThread shut down for session: 0x1000157a22a0001
[2020-04-14 12:18:32,537 INFO org.apache.zookeeper.server.NIOServerCnxn ] - Closed socket connection for client /127.0.0.1:56394 which had sessionid 0x1000157a22a0001
[2020-04-14 12:18:32,537 INFO kafka.zookeeper.ZooKeeperClient ] - [ZooKeeperClient Simple ACL authorizer] Closed.
[2020-04-14 12:18:32,537 INFO kafka.server.DelayedOperationPurgatory$ExpiredOperationReaper ] - [ExpirationReaper-0-topic]: Shutting down
[2020-04-14 12:18:32,571 INFO org.apache.kafka.clients.FetchSessionHandler ] - [Consumer clientId=consumer-1, groupId=OmsorgspengerProsesseringTest] Error sending fetch request (sessionId=447866553, epoch=9) to node 0: org.apache.kafka.common.errors.DisconnectException.
[2020-04-14 12:18:32,572 INFO org.apache.kafka.clients.consumer.internals.AbstractCoordinator ] - [Consumer clientId=consumer-1, groupId=OmsorgspengerProsesseringTest] Group coordinator localhost:56388 (id: 2147483647 rack: null) is unavailable or invalid, will attempt rediscovery
[2020-04-14 12:18:32,614 INFO kafka.server.DelayedOperationPurgatory$ExpiredOperationReaper ] - [ExpirationReaper-0-topic]: Stopped
[2020-04-14 12:18:32,614 INFO kafka.server.DelayedOperationPurgatory$ExpiredOperationReaper ] - [ExpirationReaper-0-topic]: Shutdown completed
[2020-04-14 12:18:32,617 INFO kafka.coordinator.transaction.TransactionCoordinator ] - [TransactionCoordinator id=0] Shutting down.
[2020-04-14 12:18:32,618 INFO kafka.coordinator.transaction.ProducerIdManager ] - [ProducerId Manager 0]: Shutdown complete: last producerId assigned 0
[2020-04-14 12:18:32,618 INFO kafka.coordinator.transaction.TransactionStateManager ] - [Transaction State Manager 0]: Shutdown complete
[2020-04-14 12:18:32,618 INFO kafka.coordinator.transaction.TransactionMarkerChannelManager ] - [Transaction Marker Channel Manager 0]: Shutting down
[2020-04-14 12:18:32,620 INFO kafka.coordinator.transaction.TransactionMarkerChannelManager ] - [Transaction Marker Channel Manager 0]: Stopped
[2020-04-14 12:18:32,620 INFO kafka.coordinator.transaction.TransactionMarkerChannelManager ] - [Transaction Marker Channel Manager 0]: Shutdown completed
[2020-04-14 12:18:32,620 INFO kafka.coordinator.transaction.TransactionCoordinator ] - [TransactionCoordinator id=0] Shutdown complete.
[2020-04-14 12:18:32,621 INFO kafka.coordinator.group.GroupCoordinator ] - [GroupCoordinator 0]: Shutting down.
[2020-04-14 12:18:32,621 INFO kafka.server.DelayedOperationPurgatory$ExpiredOperationReaper ] - [ExpirationReaper-0-Heartbeat]: Shutting down
[2020-04-14 12:18:32,674 WARN org.apache.kafka.clients.NetworkClient ] - [Consumer clientId=consumer-1, groupId=OmsorgspengerProsesseringTest] Connection to node 0 (localhost/127.0.0.1:56388) could not be established. Broker may not be available.
[2020-04-14 12:18:32,815 INFO kafka.server.DelayedOperationPurgatory$ExpiredOperationReaper ] - [ExpirationReaper-0-Heartbeat]: Stopped
[2020-04-14 12:18:32,815 INFO kafka.server.DelayedOperationPurgatory$ExpiredOperationReaper ] - [ExpirationReaper-0-Heartbeat]: Shutdown completed
[2020-04-14 12:18:32,815 INFO kafka.server.DelayedOperationPurgatory$ExpiredOperationReaper ] - [ExpirationReaper-0-Rebalance]: Shutting down
[2020-04-14 12:18:32,884 WARN org.apache.kafka.clients.NetworkClient ] - [Consumer clientId=consumer-1, groupId=OmsorgspengerProsesseringTest] Connection to node 0 (localhost/127.0.0.1:56388) could not be established. Broker may not be available.
[2020-04-14 12:18:32,904 INFO kafka.server.DelayedOperationPurgatory$ExpiredOperationReaper ] - [ExpirationReaper-0-Rebalance]: Shutdown completed
[2020-04-14 12:18:32,904 INFO kafka.server.DelayedOperationPurgatory$ExpiredOperationReaper ] - [ExpirationReaper-0-Rebalance]: Stopped
[2020-04-14 12:18:32,905 INFO kafka.coordinator.group.GroupCoordinator ] - [GroupCoordinator 0]: Shutdown complete.
[2020-04-14 12:18:32,906 INFO kafka.server.ReplicaManager ] - [ReplicaManager broker=0] Shutting down
[2020-04-14 12:18:32,906 INFO kafka.server.ReplicaManager$LogDirFailureHandler ] - [LogDirFailureHandler]: Shutting down
[2020-04-14 12:18:32,906 INFO kafka.server.ReplicaManager$LogDirFailureHandler ] - [LogDirFailureHandler]: Stopped
[2020-04-14 12:18:32,906 INFO kafka.server.ReplicaManager$LogDirFailureHandler ] - [LogDirFailureHandler]: Shutdown completed
[2020-04-14 12:18:32,907 INFO kafka.server.ReplicaFetcherManager ] - [ReplicaFetcherManager on broker 0] shutting down
[2020-04-14 12:18:32,908 INFO kafka.server.ReplicaFetcherManager ] - [ReplicaFetcherManager on broker 0] shutdown completed
[2020-04-14 12:18:32,909 INFO kafka.server.ReplicaAlterLogDirsManager ] - [ReplicaAlterLogDirsManager on broker 0] shutting down
[2020-04-14 12:18:32,909 INFO kafka.server.ReplicaAlterLogDirsManager ] - [ReplicaAlterLogDirsManager on broker 0] shutdown completed
[2020-04-14 12:18:32,909 INFO kafka.server.DelayedOperationPurgatory$ExpiredOperationReaper ] - [ExpirationReaper-0-Fetch]: Shutting down
[2020-04-14 12:18:32,970 INFO kafka.server.DelayedOperationPurgatory$ExpiredOperationReaper ] - [ExpirationReaper-0-Fetch]: Stopped
[2020-04-14 12:18:32,970 INFO kafka.server.DelayedOperationPurgatory$ExpiredOperationReaper ] - [ExpirationReaper-0-Fetch]: Shutdown completed
[2020-04-14 12:18:32,970 INFO kafka.server.DelayedOperationPurgatory$ExpiredOperationReaper ] - [ExpirationReaper-0-Produce]: Shutting down
[2020-04-14 12:18:33,095 WARN org.apache.kafka.clients.NetworkClient ] - [Consumer clientId=consumer-1, groupId=OmsorgspengerProsesseringTest] Connection to node 0 (localhost/127.0.0.1:56388) could not be established. Broker may not be available.
[2020-04-14 12:18:33,132 INFO kafka.server.DelayedOperationPurgatory$ExpiredOperationReaper ] - [ExpirationReaper-0-Produce]: Shutdown completed
[2020-04-14 12:18:33,132 INFO kafka.server.DelayedOperationPurgatory$ExpiredOperationReaper ] - [ExpirationReaper-0-Produce]: Stopped
[2020-04-14 12:18:33,133 INFO kafka.server.DelayedOperationPurgatory$ExpiredOperationReaper ] - [ExpirationReaper-0-DeleteRecords]: Shutting down
[2020-04-14 12:18:33,333 INFO kafka.server.DelayedOperationPurgatory$ExpiredOperationReaper ] - [ExpirationReaper-0-DeleteRecords]: Shutdown completed
[2020-04-14 12:18:33,333 INFO kafka.server.DelayedOperationPurgatory$ExpiredOperationReaper ] - [ExpirationReaper-0-DeleteRecords]: Stopped
[2020-04-14 12:18:33,333 INFO kafka.server.DelayedOperationPurgatory$ExpiredOperationReaper ] - [ExpirationReaper-0-ElectPreferredLeader]: Shutting down
[2020-04-14 12:18:33,534 INFO kafka.server.DelayedOperationPurgatory$ExpiredOperationReaper ] - [ExpirationReaper-0-ElectPreferredLeader]: Stopped
[2020-04-14 12:18:33,534 INFO kafka.server.DelayedOperationPurgatory$ExpiredOperationReaper ] - [ExpirationReaper-0-ElectPreferredLeader]: Shutdown completed
[2020-04-14 12:18:33,537 INFO kafka.server.ReplicaManager ] - [ReplicaManager broker=0] Shut down completely
[2020-04-14 12:18:33,537 INFO kafka.log.LogManager ] - Shutting down.
[2020-04-14 12:18:33,539 INFO kafka.log.LogCleaner ] - Shutting down the log cleaner.
[2020-04-14 12:18:33,539 INFO kafka.log.LogCleaner ] - [kafka-log-cleaner-thread-0]: Shutting down
[2020-04-14 12:18:33,539 INFO kafka.log.LogCleaner ] - [kafka-log-cleaner-thread-0]: Stopped
[2020-04-14 12:18:33,539 INFO kafka.log.LogCleaner ] - [kafka-log-cleaner-thread-0]: Shutdown completed
[2020-04-14 12:18:33,554 INFO kafka.log.ProducerStateManager ] - [ProducerStateManager partition=privat-overfore-omsorgsdager-soknad-mottatt-0] Writing producer snapshot at offset 3
[2020-04-14 12:18:33,581 INFO kafka.log.ProducerStateManager ] - [ProducerStateManager partition=privat-overfore-omsorgsdager-soknad-mottatt-1] Writing producer snapshot at offset 1
[2020-04-14 12:18:33,601 INFO kafka.log.ProducerStateManager ] - [ProducerStateManager partition=__consumer_offsets-0] Writing producer snapshot at offset 1
[2020-04-14 12:18:33,610 WARN org.apache.kafka.clients.NetworkClient ] - [Consumer clientId=consumer-1, groupId=OmsorgspengerProsesseringTest] Connection to node 0 (localhost/127.0.0.1:56388) could not be established. Broker may not be available.
[2020-04-14 12:18:33,640 INFO kafka.log.LogManager ] - Shutdown complete.
[2020-04-14 12:18:33,640 INFO kafka.controller.ControllerEventManager$ControllerEventThread ] - [ControllerEventThread controllerId=0] Shutting down
[2020-04-14 12:18:33,641 INFO kafka.controller.ControllerEventManager$ControllerEventThread ] - [ControllerEventThread controllerId=0] Stopped
[2020-04-14 12:18:33,641 INFO kafka.controller.ControllerEventManager$ControllerEventThread ] - [ControllerEventThread controllerId=0] Shutdown completed
[2020-04-14 12:18:33,642 INFO kafka.controller.ZkPartitionStateMachine ] - [PartitionStateMachine controllerId=0] Stopped partition state machine
[2020-04-14 12:18:33,643 INFO kafka.controller.ZkReplicaStateMachine ] - [ReplicaStateMachine controllerId=0] Stopped replica state machine
[2020-04-14 12:18:33,648 INFO kafka.controller.RequestSendThread ] - [RequestSendThread controllerId=0] Shutting down
[2020-04-14 12:18:33,648 INFO kafka.controller.RequestSendThread ] - [RequestSendThread controllerId=0] Stopped
[2020-04-14 12:18:33,648 INFO kafka.controller.RequestSendThread ] - [RequestSendThread controllerId=0] Shutdown completed
[2020-04-14 12:18:33,650 INFO kafka.controller.KafkaController ] - [Controller id=0] Resigned
[2020-04-14 12:18:33,650 INFO kafka.zookeeper.ZooKeeperClient ] - [ZooKeeperClient Kafka server] Closing.
[2020-04-14 12:18:33,650 INFO org.apache.zookeeper.server.PrepRequestProcessor ] - Processed session termination for sessionid: 0x1000157a22a0000
[2020-04-14 12:18:33,658 INFO org.apache.zookeeper.ZooKeeper ] - Session: 0x1000157a22a0000 closed
[2020-04-14 12:18:33,658 INFO org.apache.zookeeper.server.NIOServerCnxn ] - Closed socket connection for client /127.0.0.1:56392 which had sessionid 0x1000157a22a0000
[2020-04-14 12:18:33,658 INFO kafka.zookeeper.ZooKeeperClient ] - [ZooKeeperClient Kafka server] Closed.
[2020-04-14 12:18:33,658 INFO org.apache.zookeeper.ClientCnxn ] - EventThread shut down for session: 0x1000157a22a0000
[2020-04-14 12:18:33,659 INFO kafka.server.ClientQuotaManager$ThrottledChannelReaper ] - [ThrottledChannelReaper-Fetch]: Shutting down
[2020-04-14 12:18:34,124 INFO kafka.server.ClientQuotaManager$ThrottledChannelReaper ] - [ThrottledChannelReaper-Fetch]: Stopped
[2020-04-14 12:18:34,124 INFO kafka.server.ClientQuotaManager$ThrottledChannelReaper ] - [ThrottledChannelReaper-Fetch]: Shutdown completed
[2020-04-14 12:18:34,124 INFO kafka.server.ClientQuotaManager$ThrottledChannelReaper ] - [ThrottledChannelReaper-Produce]: Shutting down
[2020-04-14 12:18:34,635 WARN org.apache.kafka.clients.NetworkClient ] - [Consumer clientId=consumer-1, groupId=OmsorgspengerProsesseringTest] Connection to node 0 (localhost/127.0.0.1:56388) could not be established. Broker may not be available.
[2020-04-14 12:18:35,127 INFO kafka.server.ClientQuotaManager$ThrottledChannelReaper ] - [ThrottledChannelReaper-Produce]: Stopped
[2020-04-14 12:18:35,127 INFO kafka.server.ClientQuotaManager$ThrottledChannelReaper ] - [ThrottledChannelReaper-Produce]: Shutdown completed
[2020-04-14 12:18:35,128 INFO kafka.server.ClientQuotaManager$ThrottledChannelReaper ] - [ThrottledChannelReaper-Request]: Shutting down
[2020-04-14 12:18:35,659 WARN org.apache.kafka.clients.NetworkClient ] - [Consumer clientId=consumer-1, groupId=OmsorgspengerProsesseringTest] Connection to node 0 (localhost/127.0.0.1:56388) could not be established. Broker may not be available.
[2020-04-14 12:18:36,132 INFO kafka.server.ClientQuotaManager$ThrottledChannelReaper ] - [ThrottledChannelReaper-Request]: Shutdown completed
[2020-04-14 12:18:36,132 INFO kafka.server.ClientQuotaManager$ThrottledChannelReaper ] - [ThrottledChannelReaper-Request]: Stopped
[2020-04-14 12:18:36,134 INFO kafka.network.SocketServer ] - [SocketServer brokerId=0] Shutting down socket server
[2020-04-14 12:18:36,160 INFO kafka.network.SocketServer ] - [SocketServer brokerId=0] Shutdown completed
[2020-04-14 12:18:36,163 INFO kafka.server.KafkaServer ] - [KafkaServer id=0] shut down completed
[2020-04-14 12:18:36,165 WARN org.apache.zookeeper.server.ZooKeeperServerMain ] - Server interrupted
java.lang.InterruptedException: null
	at java.base/java.util.concurrent.locks.AbstractQueuedSynchronizer.doAcquireSharedInterruptibly(AbstractQueuedSynchronizer.java:1040)
	at java.base/java.util.concurrent.locks.AbstractQueuedSynchronizer.acquireSharedInterruptibly(AbstractQueuedSynchronizer.java:1345)
	at java.base/java.util.concurrent.CountDownLatch.await(CountDownLatch.java:232)
	at org.apache.zookeeper.server.ZooKeeperServerMain.runFromConfig(ZooKeeperServerMain.java:125)
	at org.apache.zookeeper.server.ZooKeeperServerMain.initializeAndRun(ZooKeeperServerMain.java:89)
	at no.nav.common.embeddedzookeeper.ZKServer$ZKS.start(ZKServer.kt:53)
	at no.nav.common.embeddedzookeeper.ZKServer$ZKS.access$start(ZKServer.kt:30)
	at no.nav.common.embeddedzookeeper.ZKServer$ZKS$zkThread$1.invoke(ZKServer.kt:58)
	at no.nav.common.embeddedzookeeper.ZKServer$ZKS$zkThread$1.invoke(ZKServer.kt:30)
	at kotlin.concurrent.ThreadsKt$thread$thread$1.run(Thread.kt:30)
[2020-04-14 12:18:36,166 INFO org.apache.zookeeper.server.NIOServerCnxnFactory ] - NIOServerCnxn factory exited run method
[2020-04-14 12:18:36,166 INFO org.apache.zookeeper.server.ZooKeeperServer ] - shutting down
[2020-04-14 12:18:36,166 INFO org.apache.zookeeper.server.SessionTrackerImpl ] - Shutting down
[2020-04-14 12:18:36,166 INFO org.apache.zookeeper.server.PrepRequestProcessor ] - Shutting down
[2020-04-14 12:18:36,166 INFO org.apache.zookeeper.server.SyncRequestProcessor ] - Shutting down
[2020-04-14 12:18:36,166 INFO org.apache.zookeeper.server.PrepRequestProcessor ] - PrepRequestProcessor exited loop!
[2020-04-14 12:18:36,166 INFO org.apache.zookeeper.server.SyncRequestProcessor ] - SyncRequestProcessor exited!
[2020-04-14 12:18:36,166 INFO org.apache.zookeeper.server.FinalRequestProcessor ] - shutdown of request processor complete
[2020-04-14 12:18:36,178 INFO no.nav.helse.OmsorgspengerMottakTest ] - Tear down complete
]]></system-out>
  <system-err><![CDATA[]]></system-err>
</testsuite>
